Mplus VERSION 7.31 (Mac)
MUTHEN & MUTHEN
12/10/2020   3:19 PM

INPUT INSTRUCTIONS

   TITLE: SEM Model for Ecological Risk
   DATA: FILE = Mplus_wide_final_SENSITIVITY.dat;
   VARIABLE:
   NAMES =
  IDs
  Age_BL
  Age_Y1
  Sex_M1F0_BL
  Sex_M1F0_Y1
  Race_BL
  Race_Y1
  Inc_BL
  Puberty_BL
  Puberty_Y1
  ADI_BL
  ADI_Y1
  CBCL_t_BL
  CBCL_t_Y1
  Neigh_safe_BL
  Neigh_safe_Y1
  Par_Accept_BL
  Par_Accept_Y1
   L_Amyg_BL
   R_Amyg_BL
   Bilat_Amyg_BL
   Family
   Inc_BL_r
   Neigh_safe_r_BL
   Neigh_safe_r_Y1
   scanner_type_BL
   Scan1_BL
   Scan2_BL
   ABCDsite_BL
   ABCDsite_Y1
   ;

  MISSING ARE ALL (99999);

  !Categorical =  scanner; Only for dependent variable

  !USEOBSERVATIONS ARE Event_r EQ 1 ;

  USEVARIABLES =  Inc_BL_r
  Neigh_safe_r_BL
  Race_BL
  Puberty_BL
  CBCL_t_Y1
  !scanner
  Age_BL
  ADI_BL
  Bilat_amyg_BL
  Scan1_BL
   Scan2_BL
  Par_Accept_BL
  ;

  cluster = family;

  stratification= ABCDsite_BL;

  DEFINE:

  ANALYSIS:
  !TYPE = TWOLEVEL COMPLEX;
  TYPE = COMPLEX;

  MODEL:

  ER By Inc_BL_r*
  Neigh_safe_r_BL
  ADI_BL;
  ER@1;

  ER on
   Race_BL
   Puberty_BL
   Age_BL
   Scan1_BL
   Scan2_BL;

  CBCL_t_Y1 on ER Bilat_amyg_BL
   Race_BL
   Puberty_BL
   Age_BL
   Par_Accept_BL
   Scan1_BL
   Scan2_BL;

   Bilat_amyg_BL on ER
   Race_BL
   Puberty_BL
   Age_BL
   Par_Accept_BL
   Scan1_BL
   Scan2_BL;

   Par_Accept_BL on ER
   Race_BL
   Puberty_BL
   Age_BL
   Scan1_BL
   Scan2_BL;

  MODEL INDIRECT:
  CBCL_t_Y1 IND ER;

  OUTPUT:	MODINDICES SAMPSTAT STANDARDIZED;



*** WARNING in VARIABLE command
  Note that only the first 8 characters of variable names are used in the output.
  Shorten variable names to avoid any confusion.
*** WARNING
  Clusters with the same IDs have been found in different strata.  These
  clusters are assumed to be different because clusters are not allowed
  to appear in more than one stratum.
*** WARNING
  Data set contains cases with missing on x-variables.
  These cases were not included in the analysis.
  Number of cases with missing on x-variables:  291
   3 WARNING(S) FOUND IN THE INPUT INSTRUCTIONS



SEM Model for Ecological Risk

SUMMARY OF ANALYSIS

Number of groups                                                 1
Number of observations                                        5516

Number of dependent variables                                    6
Number of independent variables                                  5
Number of continuous latent variables                            1

Observed dependent variables

  Continuous
   INC_BL_R    NEIGH_SAFE  CBCL_T_Y1   ADI_BL      BILAT_AMYG  PAR_ACCEPT

Observed independent variables
   RACE_BL     PUBERTY_    AGE_BL      SCAN1_BL    SCAN2_BL

Continuous latent variables
   ER

Variables with special functions

  Stratification        ABCDSITE
  Cluster variable      FAMILY

Estimator                                                      MLR
Information matrix                                        OBSERVED
Maximum number of iterations                                  1000
Convergence criterion                                    0.500D-04
Maximum number of steepest descent iterations                   20
Maximum number of iterations for H1                           2000
Convergence criterion for H1                             0.100D-03

Input data file(s)
  Mplus_wide_final_SENSITIVITY.dat

Input data format  FREE


SUMMARY OF DATA

     Number of missing data patterns            14
     Number of strata                      22
     Number of clusters                  5003


COVARIANCE COVERAGE OF DATA

Minimum covariance coverage value   0.100


     PROPORTION OF DATA PRESENT


           Covariance Coverage
              INC_BL_R      NEIGH_SA      CBCL_T_Y      ADI_BL        BILAT_AM
              ________      ________      ________      ________      ________
 INC_BL_R       0.933
 NEIGH_SA       0.929         0.996
 CBCL_T_Y       0.894         0.951         0.955
 ADI_BL         0.884         0.943         0.908         0.947
 BILAT_AM       0.933         0.996         0.955         0.947         1.000
 PAR_ACCE       0.931         0.995         0.954         0.945         0.998
 RACE_BL        0.933         0.996         0.955         0.947         1.000
 PUBERTY_       0.933         0.996         0.955         0.947         1.000
 AGE_BL         0.933         0.996         0.955         0.947         1.000
 SCAN1_BL       0.933         0.996         0.955         0.947         1.000
 SCAN2_BL       0.933         0.996         0.955         0.947         1.000


           Covariance Coverage
              PAR_ACCE      RACE_BL       PUBERTY_      AGE_BL        SCAN1_BL
              ________      ________      ________      ________      ________
 PAR_ACCE       0.998
 RACE_BL        0.998         1.000
 PUBERTY_       0.998         1.000         1.000
 AGE_BL         0.998         1.000         1.000         1.000
 SCAN1_BL       0.998         1.000         1.000         1.000         1.000
 SCAN2_BL       0.998         1.000         1.000         1.000         1.000


           Covariance Coverage
              SCAN2_BL
              ________
 SCAN2_BL       1.000


SAMPLE STATISTICS


     ESTIMATED SAMPLE STATISTICS


           Means
              INC_BL_R      NEIGH_SA      CBCL_T_Y      ADI_BL        BILAT_AM
              ________      ________      ________      ________      ________
      1         3.389         1.028        48.566        91.349         0.192


           Means
              PAR_ACCE      RACE_BL       PUBERTY_      AGE_BL        SCAN1_BL
              ________      ________      ________      ________      ________
      1         2.792         1.927         1.728       119.704         0.650


           Means
              SCAN2_BL
              ________
      1         0.226


           Covariances
              INC_BL_R      NEIGH_SA      CBCL_T_Y      ADI_BL        BILAT_AM
              ________      ________      ________      ________      ________
 INC_BL_R       4.563
 NEIGH_SA       0.677         0.851
 CBCL_T_Y       1.433         1.103       108.089
 ADI_BL        18.282         4.393        14.844       590.966
 BILAT_AM       0.005         0.003         0.004         0.008         0.091
 PAR_ACCE      -0.033        -0.008        -0.126        -0.349         0.001
 RACE_BL        0.653         0.153         0.179         0.542         0.005
 PUBERTY_       0.359         0.094         0.139         1.596        -0.002
 AGE_BL        -0.253        -0.180         0.834        -4.094        -0.017
 SCAN1_BL       0.002        -0.010         0.031         0.876         0.004
 SCAN2_BL       0.019         0.016         0.125        -0.252        -0.006


           Covariances
              PAR_ACCE      RACE_BL       PUBERTY_      AGE_BL        SCAN1_BL
              ________      ________      ________      ________      ________
 PAR_ACCE       0.084
 RACE_BL       -0.011         1.795
 PUBERTY_      -0.003         0.134         0.740
 AGE_BL         0.026        -0.041         1.248        56.654
 SCAN1_BL       0.000        -0.070        -0.002         0.172         0.227
 SCAN2_BL      -0.001         0.073         0.003        -0.160        -0.147


           Covariances
              SCAN2_BL
              ________
 SCAN2_BL       0.175


           Correlations
              INC_BL_R      NEIGH_SA      CBCL_T_Y      ADI_BL        BILAT_AM
              ________      ________      ________      ________      ________
 INC_BL_R       1.000
 NEIGH_SA       0.344         1.000
 CBCL_T_Y       0.065         0.115         1.000
 ADI_BL         0.352         0.196         0.059         1.000
 BILAT_AM       0.008         0.012         0.001         0.001         1.000
 PAR_ACCE      -0.053        -0.031        -0.042        -0.049         0.013
 RACE_BL        0.228         0.124         0.013         0.017         0.011
 PUBERTY_       0.195         0.119         0.016         0.076        -0.008
 AGE_BL        -0.016        -0.026         0.011        -0.022        -0.008
 SCAN1_BL       0.002        -0.022         0.006         0.076         0.031
 SCAN2_BL       0.021         0.041         0.029        -0.025        -0.048


           Correlations
              PAR_ACCE      RACE_BL       PUBERTY_      AGE_BL        SCAN1_BL
              ________      ________      ________      ________      ________
 PAR_ACCE       1.000
 RACE_BL       -0.028         1.000
 PUBERTY_      -0.014         0.117         1.000
 AGE_BL         0.012        -0.004         0.193         1.000
 SCAN1_BL       0.003        -0.109        -0.004         0.048         1.000
 SCAN2_BL      -0.010         0.130         0.008        -0.051        -0.738


           Correlations
              SCAN2_BL
              ________
 SCAN2_BL       1.000


     MAXIMUM LOG-LIKELIHOOD VALUE FOR THE UNRESTRICTED (H1) MODEL IS -103424.663


UNIVARIATE SAMPLE STATISTICS


     UNIVARIATE HIGHER-ORDER MOMENT DESCRIPTIVE STATISTICS

         Variable/         Mean/     Skewness/   Minimum/ % with                Percentiles
        Sample Size      Variance    Kurtosis    Maximum  Min/Max      20%/60%    40%/80%    Median

     INC_BL_R              3.367       1.291       1.000   12.73%       2.000      2.000      3.000
            5145.000       4.534       1.177      10.000    1.90%       3.000      5.000
     NEIGH_SAFE_R_BL       1.027       0.956       0.000   22.57%       0.000      0.667      1.000
            5495.000       0.851       0.630       4.000    1.40%       1.000      1.667
     CBCL_T_Y1            48.547       0.372      33.000    7.27%      39.000     45.000     48.000
            5268.000     108.065      -0.446      87.000    0.02%      50.000     58.000
     ADI_BL               91.364      -2.007       0.000    1.97%      81.000     93.660     97.000
            5221.000     589.772       4.488     125.750    0.02%     100.530    108.140
     BILAT_AMYG_BL         0.192       0.378      -3.016    0.02%       0.008      0.140      0.190
            5516.000       0.091      15.760       4.636    0.02%       0.243      0.380
     PAR_ACCEPT_BL         2.792      -1.893       1.000    0.09%       2.600      2.800      3.000
            5507.000       0.084       4.517       3.000   50.39%       3.000      3.000
     RACE_BL               1.927       1.223       1.000   60.30%       1.000      1.000      1.000
            5516.000       1.795       0.208       5.000   10.37%       1.000      3.000
     PUBERTY_BL            1.728       0.713       1.000   52.66%       1.000      1.000      1.000
            5516.000       0.740      -0.836       5.000    0.04%       2.000      3.000
     AGE_BL              119.704      -0.065     107.000    0.83%     111.000    117.000    120.000
            5516.000      56.654      -1.275     132.000    1.23%     123.000    128.000
     SCAN1_BL              0.650      -0.631       0.000   34.95%       0.000      1.000      1.000
            5516.000       0.227      -1.602       1.000   65.05%       1.000      1.000
     SCAN2_BL              0.226       1.309       0.000   77.37%       0.000      0.000      0.000
            5516.000       0.175      -0.288       1.000   22.63%       0.000      1.000


THE MODEL ESTIMATION TERMINATED NORMALLY



MODEL FIT INFORMATION

Number of Free Parameters                       41

Loglikelihood

          H0 Value                      -63707.908
          H0 Scaling Correction Factor      1.3984
            for MLR
          H1 Value                      -63632.791
          H1 Scaling Correction Factor      1.2923
            for MLR

Information Criteria

          Akaike (AIC)                  127497.816
          Bayesian (BIC)                127769.047
          Sample-Size Adjusted BIC      127638.762
            (n* = (n + 2) / 24)

Chi-Square Test of Model Fit

          Value                            147.238*
          Degrees of Freedom                    16
          P-Value                           0.0000
          Scaling Correction Factor         1.0204
            for MLR

*   The chi-square value for MLM, MLMV, MLR, ULSMV, WLSM and WLSMV cannot be used
    for chi-square difference testing in the regular way.  MLM, MLR and WLSM
    chi-square difference testing is described on the Mplus website.  MLMV, WLSMV,
    and ULSMV difference testing is done using the DIFFTEST option.

RMSEA (Root Mean Square Error Of Approximation)

          Estimate                           0.039
          90 Percent C.I.                    0.033  0.044
          Probability RMSEA <= .05           0.999

CFI/TLI

          CFI                                0.927
          TLI                                0.794

Chi-Square Test of Model Fit for the Baseline Model

          Value                           1839.272
          Degrees of Freedom                    45
          P-Value                           0.0000

SRMR (Standardized Root Mean Square Residual)

          Value                              0.018



MODEL RESULTS

                                                    Two-Tailed
                    Estimate       S.E.  Est./S.E.    P-Value

 ER       BY
    INC_BL_R           1.638      0.057     28.620      0.000
    NEIGH_SAFE         0.375      0.018     20.313      0.000
    ADI_BL             9.629      0.403     23.896      0.000

 ER       ON
    RACE_BL            0.186      0.015     12.736      0.000
    PUBERTY_BL         0.277      0.023     11.896      0.000
    AGE_BL            -0.010      0.002     -4.340      0.000
    SCAN1_BL           0.174      0.054      3.219      0.001
    SCAN2_BL           0.119      0.061      1.960      0.050

 CBCL_T_Y ON
    ER                 1.054      0.209      5.044      0.000

 BILAT_AM ON
    ER                 0.003      0.005      0.627      0.531

 PAR_ACCE ON
    ER                -0.019      0.005     -3.584      0.000

 CBCL_T_Y ON
    BILAT_AMYG         0.088      0.491      0.179      0.858
    RACE_BL           -0.135      0.118     -1.149      0.251
    PUBERTY_BL        -0.145      0.186     -0.780      0.435
    AGE_BL             0.023      0.020      1.190      0.234
    PAR_ACCEPT        -1.224      0.530     -2.310      0.021
    SCAN1_BL           1.142      0.437      2.615      0.009
    SCAN2_BL           1.689      0.502      3.367      0.001

 BILAT_AM ON
    RACE_BL            0.004      0.003      1.137      0.256
    PUBERTY_BL        -0.004      0.005     -0.747      0.455
    AGE_BL             0.000      0.001     -0.548      0.584
    PAR_ACCEPT         0.014      0.014      1.038      0.299
    SCAN1_BL          -0.006      0.014     -0.440      0.660
    SCAN2_BL          -0.042      0.017     -2.445      0.014

 PAR_ACCE ON
    RACE_BL           -0.002      0.003     -0.624      0.533
    PUBERTY_BL         0.001      0.005      0.112      0.911
    AGE_BL             0.000      0.001      0.713      0.476
    SCAN1_BL          -0.003      0.012     -0.256      0.798
    SCAN2_BL          -0.007      0.014     -0.542      0.588

 Intercepts
    INC_BL_R           3.729      0.438      8.514      0.000
    NEIGH_SAFE         1.106      0.101     10.966      0.000
    CBCL_T_Y1         48.772      2.750     17.735      0.000
    ADI_BL            93.396      2.600     35.918      0.000
    BILAT_AMYG         0.203      0.076      2.671      0.008
    PAR_ACCEPT         2.750      0.062     44.644      0.000

 Residual Variances
    INC_BL_R           1.521      0.187      8.138      0.000
    NEIGH_SAFE         0.691      0.019     35.520      0.000
    CBCL_T_Y1        106.482      1.857     57.331      0.000
    ADI_BL           485.576     19.129     25.384      0.000
    BILAT_AMYG         0.091      0.005     17.536      0.000
    PAR_ACCEPT         0.084      0.003     29.036      0.000
    ER                 1.000      0.000    999.000    999.000


STANDARDIZED MODEL RESULTS


STDYX Standardization

                                                    Two-Tailed
                    Estimate       S.E.  Est./S.E.    P-Value

 ER       BY
    INC_BL_R           0.816      0.025     32.846      0.000
    NEIGH_SAFE         0.433      0.020     21.373      0.000
    ADI_BL             0.422      0.017     25.015      0.000

 ER       ON
    RACE_BL            0.234      0.018     13.319      0.000
    PUBERTY_BL         0.224      0.018     12.458      0.000
    AGE_BL            -0.070      0.016     -4.365      0.000
    SCAN1_BL           0.078      0.024      3.228      0.001
    SCAN2_BL           0.047      0.024      1.962      0.050

 CBCL_T_Y ON
    ER                 0.108      0.021      5.064      0.000

 BILAT_AM ON
    ER                 0.011      0.018      0.627      0.531

 PAR_ACCE ON
    ER                -0.069      0.019     -3.601      0.000

 CBCL_T_Y ON
    BILAT_AMYG         0.003      0.014      0.179      0.858
    RACE_BL           -0.017      0.015     -1.149      0.251
    PUBERTY_BL        -0.012      0.015     -0.780      0.435
    AGE_BL             0.017      0.014      1.190      0.234
    PAR_ACCEPT        -0.034      0.015     -2.309      0.021
    SCAN1_BL           0.052      0.020      2.618      0.009
    SCAN2_BL           0.068      0.020      3.373      0.001

 BILAT_AM ON
    RACE_BL            0.017      0.015      1.130      0.259
    PUBERTY_BL        -0.011      0.014     -0.748      0.454
    AGE_BL            -0.008      0.014     -0.546      0.585
    PAR_ACCEPT         0.014      0.013      1.040      0.298
    SCAN1_BL          -0.010      0.022     -0.440      0.660
    SCAN2_BL          -0.058      0.024     -2.415      0.016

 PAR_ACCE ON
    RACE_BL           -0.009      0.015     -0.623      0.533
    PUBERTY_BL         0.002      0.015      0.112      0.911
    AGE_BL             0.010      0.013      0.713      0.476
    SCAN1_BL          -0.005      0.019     -0.256      0.798
    SCAN2_BL          -0.011      0.020     -0.542      0.588

 Intercepts
    INC_BL_R           1.746      0.205      8.518      0.000
    NEIGH_SAFE         1.199      0.109     10.952      0.000
    CBCL_T_Y1          4.691      0.266     17.610      0.000
    ADI_BL             3.843      0.130     29.656      0.000
    BILAT_AMYG         0.672      0.256      2.628      0.009
    PAR_ACCEPT         9.463      0.273     34.708      0.000

 Residual Variances
    INC_BL_R           0.333      0.041      8.214      0.000
    NEIGH_SAFE         0.813      0.018     46.397      0.000
    CBCL_T_Y1          0.985      0.004    223.325      0.000
    ADI_BL             0.822      0.014     57.802      0.000
    BILAT_AMYG         0.997      0.002    564.215      0.000
    PAR_ACCEPT         0.995      0.002    406.144      0.000
    ER                 0.883      0.011     77.507      0.000


STDY Standardization

                                                    Two-Tailed
                    Estimate       S.E.  Est./S.E.    P-Value

 ER       BY
    INC_BL_R           0.816      0.025     32.846      0.000
    NEIGH_SAFE         0.433      0.020     21.373      0.000
    ADI_BL             0.422      0.017     25.015      0.000

 ER       ON
    RACE_BL            0.175      0.013     13.442      0.000
    PUBERTY_BL         0.260      0.021     12.505      0.000
    AGE_BL            -0.009      0.002     -4.367      0.000
    SCAN1_BL           0.163      0.051      3.228      0.001
    SCAN2_BL           0.112      0.057      1.962      0.050

 CBCL_T_Y ON
    ER                 0.108      0.021      5.064      0.000

 BILAT_AM ON
    ER                 0.011      0.018      0.627      0.531

 PAR_ACCE ON
    ER                -0.069      0.019     -3.601      0.000

 CBCL_T_Y ON
    BILAT_AMYG         0.003      0.014      0.179      0.858
    RACE_BL           -0.013      0.011     -1.149      0.251
    PUBERTY_BL        -0.014      0.018     -0.780      0.435
    AGE_BL             0.002      0.002      1.190      0.234
    PAR_ACCEPT        -0.034      0.015     -2.309      0.021
    SCAN1_BL           0.110      0.042      2.618      0.009
    SCAN2_BL           0.162      0.048      3.373      0.001

 BILAT_AM ON
    RACE_BL            0.012      0.011      1.130      0.259
    PUBERTY_BL        -0.012      0.017     -0.748      0.454
    AGE_BL            -0.001      0.002     -0.546      0.585
    PAR_ACCEPT         0.014      0.013      1.040      0.298
    SCAN1_BL          -0.020      0.046     -0.440      0.660
    SCAN2_BL          -0.138      0.057     -2.415      0.016

 PAR_ACCE ON
    RACE_BL           -0.007      0.011     -0.623      0.533
    PUBERTY_BL         0.002      0.017      0.112      0.911
    AGE_BL             0.001      0.002      0.713      0.476
    SCAN1_BL          -0.010      0.041     -0.256      0.798
    SCAN2_BL          -0.025      0.047     -0.542      0.588

 Intercepts
    INC_BL_R           1.746      0.205      8.518      0.000
    NEIGH_SAFE         1.199      0.109     10.952      0.000
    CBCL_T_Y1          4.691      0.266     17.610      0.000
    ADI_BL             3.843      0.130     29.656      0.000
    BILAT_AMYG         0.672      0.256      2.628      0.009
    PAR_ACCEPT         9.463      0.273     34.708      0.000

 Residual Variances
    INC_BL_R           0.333      0.041      8.214      0.000
    NEIGH_SAFE         0.813      0.018     46.397      0.000
    CBCL_T_Y1          0.985      0.004    223.325      0.000
    ADI_BL             0.822      0.014     57.802      0.000
    BILAT_AMYG         0.997      0.002    564.215      0.000
    PAR_ACCEPT         0.995      0.002    406.144      0.000
    ER                 0.883      0.011     77.507      0.000


STD Standardization

                                                    Two-Tailed
                    Estimate       S.E.  Est./S.E.    P-Value

 ER       BY
    INC_BL_R           1.744      0.059     29.749      0.000
    NEIGH_SAFE         0.399      0.020     20.064      0.000
    ADI_BL            10.250      0.423     24.229      0.000

 ER       ON
    RACE_BL            0.175      0.013     13.442      0.000
    PUBERTY_BL         0.260      0.021     12.505      0.000
    AGE_BL            -0.009      0.002     -4.367      0.000
    SCAN1_BL           0.163      0.051      3.228      0.001
    SCAN2_BL           0.112      0.057      1.962      0.050

 CBCL_T_Y ON
    ER                 1.122      0.223      5.032      0.000

 BILAT_AM ON
    ER                 0.003      0.006      0.627      0.531

 PAR_ACCE ON
    ER                -0.020      0.006     -3.582      0.000

 CBCL_T_Y ON
    BILAT_AMYG         0.088      0.491      0.179      0.858
    RACE_BL           -0.135      0.118     -1.149      0.251
    PUBERTY_BL        -0.145      0.186     -0.780      0.435
    AGE_BL             0.023      0.020      1.190      0.234
    PAR_ACCEPT        -1.224      0.530     -2.310      0.021
    SCAN1_BL           1.142      0.437      2.615      0.009
    SCAN2_BL           1.689      0.502      3.367      0.001

 BILAT_AM ON
    RACE_BL            0.004      0.003      1.137      0.256
    PUBERTY_BL        -0.004      0.005     -0.747      0.455
    AGE_BL             0.000      0.001     -0.548      0.584
    PAR_ACCEPT         0.014      0.014      1.038      0.299
    SCAN1_BL          -0.006      0.014     -0.440      0.660
    SCAN2_BL          -0.042      0.017     -2.445      0.014

 PAR_ACCE ON
    RACE_BL           -0.002      0.003     -0.624      0.533
    PUBERTY_BL         0.001      0.005      0.112      0.911
    AGE_BL             0.000      0.001      0.713      0.476
    SCAN1_BL          -0.003      0.012     -0.256      0.798
    SCAN2_BL          -0.007      0.014     -0.542      0.588

 Intercepts
    INC_BL_R           3.729      0.438      8.514      0.000
    NEIGH_SAFE         1.106      0.101     10.966      0.000
    CBCL_T_Y1         48.772      2.750     17.735      0.000
    ADI_BL            93.396      2.600     35.918      0.000
    BILAT_AMYG         0.203      0.076      2.671      0.008
    PAR_ACCEPT         2.750      0.062     44.644      0.000

 Residual Variances
    INC_BL_R           1.521      0.187      8.138      0.000
    NEIGH_SAFE         0.691      0.019     35.520      0.000
    CBCL_T_Y1        106.482      1.857     57.331      0.000
    ADI_BL           485.576     19.129     25.384      0.000
    BILAT_AMYG         0.091      0.005     17.536      0.000
    PAR_ACCEPT         0.084      0.003     29.036      0.000
    ER                 0.883      0.011     77.507      0.000


R-SQUARE

    Observed                                        Two-Tailed
    Variable        Estimate       S.E.  Est./S.E.    P-Value

    INC_BL_R           0.667      0.041     16.423      0.000
    NEIGH_SA           0.187      0.018     10.686      0.000
    CBCL_T_Y           0.015      0.004      3.364      0.001
    ADI_BL             0.178      0.014     12.507      0.000
    BILAT_AM           0.003      0.002      1.765      0.078
    PAR_ACCE           0.005      0.002      2.170      0.030

     Latent                                         Two-Tailed
    Variable        Estimate       S.E.  Est./S.E.    P-Value

    ER                 0.117      0.011     10.318      0.000


QUALITY OF NUMERICAL RESULTS

     Condition Number for the Information Matrix              0.269E-08
       (ratio of smallest to largest eigenvalue)


TOTAL, TOTAL INDIRECT, SPECIFIC INDIRECT, AND DIRECT EFFECTS


                                                    Two-Tailed
                    Estimate       S.E.  Est./S.E.    P-Value

Effects from ER to CBCL_T_Y

  Total                1.078      0.208      5.171      0.000
  Total indirect       0.023      0.012      1.995      0.046

  Specific indirect

    CBCL_T_Y
    BILAT_AM
    ER                 0.000      0.002      0.174      0.862

    CBCL_T_Y
    PAR_ACCE
    ER                 0.023      0.011      1.998      0.046

    CBCL_T_Y
    BILAT_AM
    PAR_ACCE
    ER                 0.000      0.000     -0.177      0.860

  Direct
    CBCL_T_Y
    ER                 1.054      0.209      5.044      0.000


STANDARDIZED TOTAL, TOTAL INDIRECT, SPECIFIC INDIRECT, AND DIRECT EFFECTS


STDYX Standardization

                                                    Two-Tailed
                    Estimate       S.E.  Est./S.E.    P-Value

Effects from ER to CBCL_T_Y

  Total                0.110      0.021      5.193      0.000
  Total indirect       0.002      0.001      1.996      0.046

  Specific indirect

    CBCL_T_Y
    BILAT_AM
    ER                 0.000      0.000      0.174      0.862

    CBCL_T_Y
    PAR_ACCE
    ER                 0.002      0.001      1.999      0.046

    CBCL_T_Y
    BILAT_AM
    PAR_ACCE
    ER                 0.000      0.000     -0.177      0.860

  Direct
    CBCL_T_Y
    ER                 0.108      0.021      5.064      0.000


STDY Standardization

                                                    Two-Tailed
                    Estimate       S.E.  Est./S.E.    P-Value

Effects from ER to CBCL_T_Y

  Total                0.110      0.021      5.193      0.000
  Total indirect       0.002      0.001      1.996      0.046

  Specific indirect

    CBCL_T_Y
    BILAT_AM
    ER                 0.000      0.000      0.174      0.862

    CBCL_T_Y
    PAR_ACCE
    ER                 0.002      0.001      1.999      0.046

    CBCL_T_Y
    BILAT_AM
    PAR_ACCE
    ER                 0.000      0.000     -0.177      0.860

  Direct
    CBCL_T_Y
    ER                 0.108      0.021      5.064      0.000


STD Standardization

                                                    Two-Tailed
                    Estimate       S.E.  Est./S.E.    P-Value

Effects from ER to CBCL_T_Y

  Total                1.147      0.222      5.158      0.000
  Total indirect       0.025      0.012      1.995      0.046

  Specific indirect

    CBCL_T_Y
    BILAT_AM
    ER                 0.000      0.002      0.174      0.862

    CBCL_T_Y
    PAR_ACCE
    ER                 0.024      0.012      1.997      0.046

    CBCL_T_Y
    BILAT_AM
    PAR_ACCE
    ER                 0.000      0.000     -0.177      0.860

  Direct
    CBCL_T_Y
    ER                 1.122      0.223      5.032      0.000



MODEL MODIFICATION INDICES

NOTE:  Modification indices for direct effects of observed dependent variables
regressed on covariates may not be included.  To include these, request
MODINDICES (ALL).

Minimum M.I. value for printing the modification index    10.000

                                   M.I.     E.P.C.  Std E.P.C.  StdYX E.P.C.

WITH Statements

NEIGH_SA WITH INC_BL_R            32.736    -0.381     -0.381       -0.371
ADI_BL   WITH INC_BL_R            15.745     6.599      6.599        0.243


     Beginning Time:  15:19:58
        Ending Time:  15:19:59
       Elapsed Time:  00:00:01



MUTHEN & MUTHEN
3463 Stoner Ave.
Los Angeles, CA  90066

Tel: (310) 391-9971
Fax: (310) 391-8971
Web: www.StatModel.com
Support: Support@StatModel.com

Copyright (c) 1998-2015 Muthen & Muthen
