Mplus VERSION 7.31 (Mac)
MUTHEN & MUTHEN
12/10/2020   3:18 PM

INPUT INSTRUCTIONS

   TITLE: SEM Model for Ecological Risk
   DATA: FILE = Mplus_wide_final_SENSITIVITY.dat;
   VARIABLE:
   NAMES =
  IDs
  Age_BL
  Age_Y1
  Sex_M1F0_BL
  Sex_M1F0_Y1
  Race_BL
  Race_Y1
  Inc_BL
  Puberty_BL
  Puberty_Y1
  ADI_BL
  ADI_Y1
  CBCL_t_BL
  CBCL_t_Y1
  Neigh_safe_BL
  Neigh_safe_Y1
  Par_Accept_BL
  Par_Accept_Y1
   L_Amyg_BL
   R_Amyg_BL
   Bilat_Amyg_BL
   Family
   Inc_BL_r
   Neigh_safe_r_BL
   Neigh_safe_r_Y1
   scanner_type_BL
   Scan1_BL
   Scan2_BL
   ABCDsite_BL
   ABCDsite_Y1
   ;

  MISSING ARE ALL (99999);

  GROUPING IS Sex_M1F0_BL (0 = Female 1 = Male);

  !Categorical =  scanner; Only for dependent variable

  !USEOBSERVATIONS ARE Event_r EQ 1 ;

  USEVARIABLES =  Inc_BL_r
  Neigh_safe_r_BL
  Race_BL
  Puberty_BL
  CBCL_t_Y1
  !scanner
  Age_BL
  ADI_BL
  Bilat_amyg_BL
  Scan1_BL
   Scan2_BL
  Par_Accept_BL
  ;

  cluster = family;

  stratification= ABCDsite_BL;

  DEFINE:

  ANALYSIS:
  !TYPE = TWOLEVEL COMPLEX;
  TYPE = COMPLEX;

  MODEL:

  ER By Inc_BL_r*
  Neigh_safe_r_BL
  ADI_BL;
  ER@1;

  ER on
   Race_BL
   Puberty_BL
   Age_BL
   Scan1_BL
   Scan2_BL;

  CBCL_t_Y1 on ER
  Bilat_amyg_BL (2)
   Race_BL
   Puberty_BL
   Age_BL
   Par_Accept_BL (3)
   Scan1_BL
   Scan2_BL;

   Bilat_amyg_BL on ER (5)
   Race_BL
   Puberty_BL
   Age_BL
   Par_Accept_BL (6)
   Scan1_BL
   Scan2_BL;

  !MODEL CONSTRAINT:



  MODEL TEST:



  MODEL INDIRECT:


  OUTPUT:	MODINDICES SAMPSTAT STANDARDIZED;



*** WARNING in VARIABLE command
  Note that only the first 8 characters of variable names are used in the output.
  Shorten variable names to avoid any confusion.
*** WARNING
  Clusters with the same IDs have been found in different strata.  These
  clusters are assumed to be different because clusters are not allowed
  to appear in more than one stratum.
*** WARNING
  Data set contains cases with missing on x-variables.
  These cases were not included in the analysis.
  Number of cases with missing on x-variables:  300
   3 WARNING(S) FOUND IN THE INPUT INSTRUCTIONS



SEM Model for Ecological Risk

SUMMARY OF ANALYSIS

Number of groups                                                 2
Number of observations
   Group FEMALE                                               2724
   Group MALE                                                 2783
   Total sample size                                          5507

Number of dependent variables                                    5
Number of independent variables                                  6
Number of continuous latent variables                            1

Observed dependent variables

  Continuous
   INC_BL_R    NEIGH_SAFE  CBCL_T_Y1   ADI_BL      BILAT_AMYG

Observed independent variables
   RACE_BL     PUBERTY_    AGE_BL      SCAN1_BL    SCAN2_BL    PAR_ACCE

Continuous latent variables
   ER

Variables with special functions

  Grouping variable     SEX_M1F0
  Stratification        ABCDSITE
  Cluster variable      FAMILY

Estimator                                                      MLR
Information matrix                                        OBSERVED
Maximum number of iterations                                  1000
Convergence criterion                                    0.500D-04
Maximum number of steepest descent iterations                   20
Maximum number of iterations for H1                           2000
Convergence criterion for H1                             0.100D-03

Input data file(s)
  Mplus_wide_final_SENSITIVITY.dat

Input data format  FREE


SUMMARY OF DATA

   Group FEMALE
     Number of missing data patterns             9
     Number of strata                      22
     Number of clusters                  2528

   Group MALE
     Number of missing data patterns             9
     Number of strata                      22
     Number of clusters                  2594


COVARIANCE COVERAGE OF DATA

Minimum covariance coverage value   0.100


     PROPORTION OF DATA PRESENT FOR FEMALE


           Covariance Coverage
              INC_BL_R      NEIGH_SA      CBCL_T_Y      ADI_BL        BILAT_AM
              ________      ________      ________      ________      ________
 INC_BL_R       0.933
 NEIGH_SA       0.930         0.997
 CBCL_T_Y       0.889         0.947         0.949
 ADI_BL         0.880         0.939         0.899         0.942
 BILAT_AM       0.933         0.997         0.949         0.942         1.000
 RACE_BL        0.933         0.997         0.949         0.942         1.000
 PUBERTY_       0.933         0.997         0.949         0.942         1.000
 AGE_BL         0.933         0.997         0.949         0.942         1.000
 SCAN1_BL       0.933         0.997         0.949         0.942         1.000
 SCAN2_BL       0.933         0.997         0.949         0.942         1.000
 PAR_ACCE       0.933         0.997         0.949         0.942         1.000


           Covariance Coverage
              RACE_BL       PUBERTY_      AGE_BL        SCAN1_BL      SCAN2_BL
              ________      ________      ________      ________      ________
 RACE_BL        1.000
 PUBERTY_       1.000         1.000
 AGE_BL         1.000         1.000         1.000
 SCAN1_BL       1.000         1.000         1.000         1.000
 SCAN2_BL       1.000         1.000         1.000         1.000         1.000
 PAR_ACCE       1.000         1.000         1.000         1.000         1.000


           Covariance Coverage
              PAR_ACCE
              ________
 PAR_ACCE       1.000


     PROPORTION OF DATA PRESENT FOR MALE


           Covariance Coverage
              INC_BL_R      NEIGH_SA      CBCL_T_Y      ADI_BL        BILAT_AM
              ________      ________      ________      ________      ________
 INC_BL_R       0.933
 NEIGH_SA       0.928         0.995
 CBCL_T_Y       0.899         0.957         0.962
 ADI_BL         0.888         0.947         0.917         0.951
 BILAT_AM       0.933         0.995         0.962         0.951         1.000
 RACE_BL        0.933         0.995         0.962         0.951         1.000
 PUBERTY_       0.933         0.995         0.962         0.951         1.000
 AGE_BL         0.933         0.995         0.962         0.951         1.000
 SCAN1_BL       0.933         0.995         0.962         0.951         1.000
 SCAN2_BL       0.933         0.995         0.962         0.951         1.000
 PAR_ACCE       0.933         0.995         0.962         0.951         1.000


           Covariance Coverage
              RACE_BL       PUBERTY_      AGE_BL        SCAN1_BL      SCAN2_BL
              ________      ________      ________      ________      ________
 RACE_BL        1.000
 PUBERTY_       1.000         1.000
 AGE_BL         1.000         1.000         1.000
 SCAN1_BL       1.000         1.000         1.000         1.000
 SCAN2_BL       1.000         1.000         1.000         1.000         1.000
 PAR_ACCE       1.000         1.000         1.000         1.000         1.000


           Covariance Coverage
              PAR_ACCE
              ________
 PAR_ACCE       1.000


SAMPLE STATISTICS


     ESTIMATED SAMPLE STATISTICS FOR FEMALE


           Means
              INC_BL_R      NEIGH_SA      CBCL_T_Y      ADI_BL        BILAT_AM
              ________      ________      ________      ________      ________
      1         3.400         1.068        47.952        91.151         0.189


           Means
              RACE_BL       PUBERTY_      AGE_BL        SCAN1_BL      SCAN2_BL
              ________      ________      ________      ________      ________
      1         1.966         2.150       119.471         0.649         0.225


           Means
              PAR_ACCE
              ________
      1         2.808


           Covariances
              INC_BL_R      NEIGH_SA      CBCL_T_Y      ADI_BL        BILAT_AM
              ________      ________      ________      ________      ________
 INC_BL_R       4.654
 NEIGH_SA       0.711         0.877
 CBCL_T_Y       0.852         1.185       106.244
 ADI_BL        18.593         4.447         9.415       611.347
 BILAT_AM       0.008         0.000         0.039        -0.107         0.089
 RACE_BL        0.656         0.176         0.371         0.244         0.015
 PUBERTY_       0.469         0.102         0.620         2.243        -0.003
 AGE_BL        -0.215        -0.159         0.132        -4.000        -0.018
 SCAN1_BL      -0.002        -0.002        -0.018         0.935         0.008
 SCAN2_BL       0.017         0.015         0.217        -0.274        -0.009
 PAR_ACCE      -0.044        -0.010        -0.102        -0.314         0.001


           Covariances
              RACE_BL       PUBERTY_      AGE_BL        SCAN1_BL      SCAN2_BL
              ________      ________      ________      ________      ________
 RACE_BL        1.828
 PUBERTY_       0.142         0.813
 AGE_BL        -0.011         2.130        56.369
 SCAN1_BL      -0.075        -0.004         0.176         0.228
 SCAN2_BL       0.081         0.007        -0.165        -0.146         0.175
 PAR_ACCE      -0.024        -0.016         0.026        -0.001        -0.001


           Covariances
              PAR_ACCE
              ________
 PAR_ACCE       0.082


           Correlations
              INC_BL_R      NEIGH_SA      CBCL_T_Y      ADI_BL        BILAT_AM
              ________      ________      ________      ________      ________
 INC_BL_R       1.000
 NEIGH_SA       0.352         1.000
 CBCL_T_Y       0.038         0.123         1.000
 ADI_BL         0.349         0.192         0.037         1.000
 BILAT_AM       0.013         0.000         0.013        -0.014         1.000
 RACE_BL        0.225         0.139         0.027         0.007         0.038
 PUBERTY_       0.241         0.120         0.067         0.101        -0.011
 AGE_BL        -0.013        -0.023         0.002        -0.022        -0.008
 SCAN1_BL      -0.002        -0.004        -0.004         0.079         0.054
 SCAN2_BL       0.019         0.037         0.050        -0.026        -0.075
 PAR_ACCE      -0.072        -0.037        -0.035        -0.044         0.012


           Correlations
              RACE_BL       PUBERTY_      AGE_BL        SCAN1_BL      SCAN2_BL
              ________      ________      ________      ________      ________
 RACE_BL        1.000
 PUBERTY_       0.117         1.000
 AGE_BL        -0.001         0.315         1.000
 SCAN1_BL      -0.116        -0.008         0.049         1.000
 SCAN2_BL       0.144         0.019        -0.052        -0.734         1.000
 PAR_ACCE      -0.063        -0.064         0.012        -0.005        -0.005


           Correlations
              PAR_ACCE
              ________
 PAR_ACCE       1.000


     ESTIMATED SAMPLE STATISTICS FOR MALE


           Means
              INC_BL_R      NEIGH_SA      CBCL_T_Y      ADI_BL        BILAT_AM
              ________      ________      ________      ________      ________
      1         3.382         0.988        49.148        91.650         0.195


           Means
              RACE_BL       PUBERTY_      AGE_BL        SCAN1_BL      SCAN2_BL
              ________      ________      ________      ________      ________
      1         1.889         1.314       119.925         0.653         0.227


           Means
              PAR_ACCE
              ________
      1         2.775


           Covariances
              INC_BL_R      NEIGH_SA      CBCL_T_Y      ADI_BL        BILAT_AM
              ________      ________      ________      ________      ________
 INC_BL_R       4.489
 NEIGH_SA       0.648         0.822
 CBCL_T_Y       2.006         1.071       109.108
 ADI_BL        17.987         4.419        19.596       564.457
 BILAT_AM       0.003         0.007        -0.030         0.130         0.092
 RACE_BL        0.654         0.127         0.035         0.860        -0.005
 PUBERTY_       0.244         0.054         0.160         1.165         0.001
 AGE_BL        -0.290        -0.183         1.253        -4.515        -0.016
 SCAN1_BL       0.007        -0.017         0.084         0.815         0.001
 SCAN2_BL       0.021         0.018         0.030        -0.265        -0.003
 PAR_ACCE      -0.022        -0.008        -0.129        -0.370         0.001


           Covariances
              RACE_BL       PUBERTY_      AGE_BL        SCAN1_BL      SCAN2_BL
              ________      ________      ________      ________      ________
 RACE_BL        1.759
 PUBERTY_       0.093         0.322
 AGE_BL        -0.067         0.570        56.831
 SCAN1_BL      -0.064         0.001         0.171         0.227
 SCAN2_BL       0.065        -0.001        -0.157        -0.148         0.176
 PAR_ACCE       0.001        -0.004         0.034         0.002        -0.002


           Covariances
              PAR_ACCE
              ________
 PAR_ACCE       0.087


           Correlations
              INC_BL_R      NEIGH_SA      CBCL_T_Y      ADI_BL        BILAT_AM
              ________      ________      ________      ________      ________
 INC_BL_R       1.000
 NEIGH_SA       0.337         1.000
 CBCL_T_Y       0.091         0.113         1.000
 ADI_BL         0.357         0.205         0.079         1.000
 BILAT_AM       0.004         0.026        -0.009         0.018         1.000
 RACE_BL        0.233         0.105         0.003         0.027        -0.013
 PUBERTY_       0.203         0.105         0.027         0.086         0.008
 AGE_BL        -0.018        -0.027         0.016        -0.025        -0.007
 SCAN1_BL       0.007        -0.039         0.017         0.072         0.008
 SCAN2_BL       0.023         0.046         0.007        -0.027        -0.020
 PAR_ACCE      -0.036        -0.031        -0.042        -0.053         0.015


           Correlations
              RACE_BL       PUBERTY_      AGE_BL        SCAN1_BL      SCAN2_BL
              ________      ________      ________      ________      ________
 RACE_BL        1.000
 PUBERTY_       0.123         1.000
 AGE_BL        -0.007         0.133         1.000
 SCAN1_BL      -0.101         0.005         0.048         1.000
 SCAN2_BL       0.117        -0.006        -0.050        -0.743         1.000
 PAR_ACCE       0.003        -0.026         0.015         0.012        -0.015


           Correlations
              PAR_ACCE
              ________
 PAR_ACCE       1.000


     MAXIMUM LOG-LIKELIHOOD VALUE FOR THE UNRESTRICTED (H1) MODEL IS -102056.401


UNIVARIATE SAMPLE STATISTICS


     UNIVARIATE HIGHER-ORDER MOMENT DESCRIPTIVE STATISTICS FOR FEMALE

         Variable/         Mean/     Skewness/   Minimum/ % with                Percentiles
        Sample Size      Variance    Kurtosis    Maximum  Min/Max      20%/60%    40%/80%    Median

     INC_BL_R              3.370       1.265       1.000   13.42%       2.000      2.000      3.000
            2541.000       4.631       1.048      10.000    1.77%       3.000      5.000
     NEIGH_SAFE_R_BL       1.068       0.918       0.000   21.27%       0.000      0.667      1.000
            2717.000       0.877       0.535       4.000    1.69%       1.000      1.667
     CBCL_T_Y1            47.934       0.437      33.000   14.81%      39.000     45.000     46.000
            2586.000     106.256      -0.239      87.000    0.04%      50.000     58.000
     ADI_BL               91.183      -1.989       0.000    2.11%      80.600     93.690     97.060
            2565.000     610.291       4.326     124.540    0.04%     100.790    108.390
     BILAT_AMYG_BL         0.189       1.150      -2.165    0.04%       0.002      0.133      0.185
            2724.000       0.089      22.585       4.636    0.04%       0.238      0.378
     RACE_BL               1.966       1.161       1.000   58.44%       1.000      1.000      1.000
            2724.000       1.828       0.049       5.000   10.61%       2.000      3.000
     PUBERTY_BL            2.150      -0.056       1.000   31.39%       1.000      2.000      2.000
            2724.000       0.813      -1.300       5.000    0.07%       3.000      3.000
     AGE_BL              119.471      -0.029     107.000    1.03%     111.000    117.000    120.000
            2724.000      56.369      -1.262     132.000    1.43%     122.000    127.000
     SCAN1_BL              0.649      -0.626       0.000   35.06%       0.000      1.000      1.000
            2724.000       0.228      -1.608       1.000   64.94%       1.000      1.000
     SCAN2_BL              0.225       1.314       0.000   77.46%       0.000      0.000      0.000
            2724.000       0.175      -0.273       1.000   22.54%       0.000      1.000
     PAR_ACCEPT_BL         2.808      -2.056       1.000    0.11%       2.600      2.800      3.000
            2724.000       0.082       5.449       3.000   54.26%       3.000      3.000


     UNIVARIATE HIGHER-ORDER MOMENT DESCRIPTIVE STATISTICS FOR MALE

         Variable/         Mean/     Skewness/   Minimum/ % with                Percentiles
        Sample Size      Variance    Kurtosis    Maximum  Min/Max      20%/60%    40%/80%    Median

     INC_BL_R              3.366       1.315       1.000   12.09%       2.000      2.000      3.000
            2597.000       4.446       1.303      10.000    2.04%       3.000      5.000
     NEIGH_SAFE_R_BL       0.987       0.995       0.000   23.86%       0.000      0.667      1.000
            2770.000       0.822       0.737       4.000    1.12%       1.000      1.667
     CBCL_T_Y1            49.124       0.312      34.000   16.25%      41.000     45.000     48.000
            2677.000     109.070      -0.618      84.000    0.04%      50.000     58.000
     ADI_BL               91.645      -2.028       0.000    1.78%      81.810     93.560     96.930
            2647.000     563.177       4.706     125.750    0.04%     100.190    108.000
     BILAT_AMYG_BL         0.195      -0.341      -3.016    0.04%       0.014      0.144      0.195
            2783.000       0.092       9.598       2.612    0.04%       0.249      0.382
     RACE_BL               1.889       1.289       1.000   62.13%       1.000      1.000      1.000
            2783.000       1.759       0.384       5.000   10.13%       1.000      3.000
     PUBERTY_BL            1.314       1.766       1.000   73.48%       1.000      1.000      1.000
            2783.000       0.322       2.741       4.000    0.40%       1.000      2.000
     AGE_BL              119.925      -0.102     107.000    0.65%     111.000    118.000    120.000
            2783.000      56.831      -1.285     132.000    1.04%     123.000    128.000
     SCAN1_BL              0.653      -0.641       0.000   34.75%       0.000      1.000      1.000
            2783.000       0.227      -1.590       1.000   65.25%       1.000      1.000
     SCAN2_BL              0.227       1.303       0.000   77.29%       0.000      0.000      0.000
            2783.000       0.176      -0.303       1.000   22.71%       0.000      1.000
     PAR_ACCEPT_BL         2.775      -1.754       1.000    0.07%       2.600      2.800      2.800
            2783.000       0.087       3.777       3.000   46.60%       3.000      3.000


THE MODEL ESTIMATION TERMINATED NORMALLY



MODEL FIT INFORMATION

Number of Free Parameters                       57

Loglikelihood

          H0 Value                      -62548.995
          H0 Scaling Correction Factor      1.5009
            for MLR
          H1 Value                      -62456.608
          H1 Scaling Correction Factor      1.3118
            for MLR

Information Criteria

          Akaike (AIC)                  125211.989
          Bayesian (BIC)                125588.974
          Sample-Size Adjusted BIC      125407.846
            (n* = (n + 2) / 24)

Chi-Square Test of Model Fit

          Value                            174.107*
          Degrees of Freedom                    43
          P-Value                           0.0000
          Scaling Correction Factor         1.0613
            for MLR

Chi-Square Contribution From Each Group

          FEMALE                            95.925
          MALE                              78.182

*   The chi-square value for MLM, MLMV, MLR, ULSMV, WLSM and WLSMV cannot be used
    for chi-square difference testing in the regular way.  MLM, MLR and WLSM
    chi-square difference testing is described on the Mplus website.  MLMV, WLSMV,
    and ULSMV difference testing is done using the DIFFTEST option.

RMSEA (Root Mean Square Error Of Approximation)

          Estimate                           0.033
          90 Percent C.I.                    0.028  0.039
          Probability RMSEA <= .05           1.000

CFI/TLI

          CFI                                0.927
          TLI                                0.865

Chi-Square Test of Model Fit for the Baseline Model

          Value                           1885.530
          Degrees of Freedom                    80
          P-Value                           0.0000

SRMR (Standardized Root Mean Square Residual)

          Value                              0.020



MODEL RESULTS

                                                    Two-Tailed
                    Estimate       S.E.  Est./S.E.    P-Value

Group FEMALE

 ER       BY
    INC_BL_R           1.658      0.058     28.704      0.000
    NEIGH_SAFE         0.365      0.018     19.972      0.000
    ADI_BL             9.444      0.396     23.869      0.000

 ER       ON
    RACE_BL            0.180      0.021      8.735      0.000
    PUBERTY_BL         0.356      0.031     11.588      0.000
    AGE_BL            -0.017      0.003     -5.060      0.000
    SCAN1_BL           0.146      0.079      1.853      0.064
    SCAN2_BL           0.064      0.090      0.714      0.475

 CBCL_T_Y ON
    ER                 0.483      0.277      1.743      0.081

 BILAT_AM ON
    ER                 0.003      0.005      0.558      0.577

 CBCL_T_Y ON
    BILAT_AMYG         0.097      0.492      0.197      0.844
    RACE_BL           -0.005      0.172     -0.027      0.979
    PUBERTY_BL         0.606      0.264      2.296      0.022
    AGE_BL            -0.016      0.030     -0.543      0.587
    PAR_ACCEPT        -1.140      0.523     -2.179      0.029
    SCAN1_BL           1.506      0.619      2.433      0.015
    SCAN2_BL           2.461      0.704      3.496      0.000

 BILAT_AM ON
    RACE_BL            0.011      0.005      2.405      0.016
    PUBERTY_BL        -0.005      0.007     -0.671      0.502
    AGE_BL             0.000      0.001     -0.356      0.722
    PAR_ACCEPT         0.016      0.014      1.144      0.253
    SCAN1_BL          -0.002      0.019     -0.083      0.934
    SCAN2_BL          -0.061      0.025     -2.461      0.014

 Intercepts
    INC_BL_R           4.738      0.638      7.429      0.000
    NEIGH_SAFE         1.323      0.142      9.340      0.000
    CBCL_T_Y1         50.644      3.703     13.677      0.000
    ADI_BL            99.141      3.679     26.946      0.000
    BILAT_AMYG         0.188      0.102      1.844      0.065
    ER                 0.000      0.000    999.000    999.000

 Residual Variances
    INC_BL_R           1.410      0.211      6.673      0.000
    NEIGH_SAFE         0.718      0.027     26.649      0.000
    CBCL_T_Y1        104.866      2.773     37.816      0.000
    ADI_BL           507.864     29.428     17.258      0.000
    BILAT_AMYG         0.089      0.009     10.275      0.000
    ER                 1.000      0.000    999.000    999.000

Group MALE

 ER       BY
    INC_BL_R           1.658      0.058     28.704      0.000
    NEIGH_SAFE         0.365      0.018     19.972      0.000
    ADI_BL             9.444      0.396     23.869      0.000

 ER       ON
    RACE_BL            0.185      0.020      9.408      0.000
    PUBERTY_BL         0.411      0.052      7.984      0.000
    AGE_BL            -0.008      0.003     -2.546      0.011
    SCAN1_BL           0.184      0.072      2.565      0.010
    SCAN2_BL           0.151      0.081      1.860      0.063

 CBCL_T_Y ON
    ER                 1.373      0.275      4.998      0.000

 BILAT_AM ON
    ER                 0.003      0.005      0.558      0.577

 CBCL_T_Y ON
    BILAT_AMYG         0.097      0.492      0.197      0.844
    RACE_BL           -0.259      0.157     -1.653      0.098
    PUBERTY_BL        -0.122      0.385     -0.317      0.751
    AGE_BL             0.029      0.027      1.081      0.280
    PAR_ACCEPT        -1.140      0.523     -2.179      0.029
    SCAN1_BL           0.815      0.607      1.343      0.179
    SCAN2_BL           0.871      0.701      1.243      0.214

 BILAT_AM ON
    RACE_BL           -0.003      0.004     -0.749      0.454
    PUBERTY_BL         0.005      0.011      0.436      0.663
    AGE_BL             0.000      0.001     -0.471      0.638
    PAR_ACCEPT         0.016      0.014      1.144      0.253
    SCAN1_BL          -0.011      0.021     -0.542      0.588
    SCAN2_BL          -0.023      0.024     -0.955      0.340

 Intercepts
    INC_BL_R           4.738      0.638      7.429      0.000
    NEIGH_SAFE         1.323      0.142      9.340      0.000
    CBCL_T_Y1         49.837      3.583     13.909      0.000
    ADI_BL            99.141      3.679     26.946      0.000
    BILAT_AMYG         0.210      0.102      2.060      0.039
    ER                -0.900      0.547     -1.647      0.100

 Residual Variances
    INC_BL_R           1.403      0.211      6.653      0.000
    NEIGH_SAFE         0.678      0.024     27.713      0.000
    CBCL_T_Y1        106.844      2.474     43.190      0.000
    ADI_BL           462.169     26.026     17.758      0.000
    BILAT_AMYG         0.092      0.006     15.531      0.000
    ER                 1.000      0.000    999.000    999.000


STANDARDIZED MODEL RESULTS


STDYX Standardization

                                                    Two-Tailed
                    Estimate       S.E.  Est./S.E.    P-Value

Group FEMALE

 ER       BY
    INC_BL_R           0.834      0.026     32.295      0.000
    NEIGH_SAFE         0.422      0.021     20.144      0.000
    ADI_BL             0.413      0.019     21.966      0.000

 ER       ON
    RACE_BL            0.225      0.025      9.090      0.000
    PUBERTY_BL         0.297      0.024     12.487      0.000
    AGE_BL            -0.118      0.023     -5.123      0.000
    SCAN1_BL           0.064      0.035      1.857      0.063
    SCAN2_BL           0.025      0.035      0.714      0.475

 CBCL_T_Y ON
    ER                 0.051      0.029      1.746      0.081

 BILAT_AM ON
    ER                 0.010      0.019      0.561      0.575

 CBCL_T_Y ON
    BILAT_AMYG         0.003      0.014      0.197      0.844
    RACE_BL           -0.001      0.023     -0.027      0.979
    PUBERTY_BL         0.053      0.023      2.301      0.021
    AGE_BL            -0.012      0.022     -0.543      0.587
    PAR_ACCEPT        -0.032      0.015     -2.176      0.030
    SCAN1_BL           0.070      0.029      2.438      0.015
    SCAN2_BL           0.100      0.028      3.505      0.000

 BILAT_AM ON
    RACE_BL            0.050      0.021      2.327      0.020
    PUBERTY_BL        -0.015      0.021     -0.680      0.496
    AGE_BL            -0.008      0.022     -0.354      0.724
    PAR_ACCEPT         0.015      0.013      1.148      0.251
    SCAN1_BL          -0.003      0.031     -0.083      0.934
    SCAN2_BL          -0.085      0.036     -2.356      0.018

 Intercepts
    INC_BL_R           2.203      0.296      7.435      0.000
    NEIGH_SAFE         1.416      0.152      9.300      0.000
    CBCL_T_Y1          4.913      0.365     13.453      0.000
    ADI_BL             4.006      0.180     22.289      0.000
    BILAT_AMYG         0.628      0.351      1.786      0.074
    ER                 0.000      0.000    999.000    999.000

 Residual Variances
    INC_BL_R           0.305      0.043      7.074      0.000
    NEIGH_SAFE         0.822      0.018     46.421      0.000
    CBCL_T_Y1          0.987      0.005    210.305      0.000
    ADI_BL             0.829      0.016     53.392      0.000
    BILAT_AMYG         0.991      0.005    209.286      0.000
    ER                 0.854      0.016     51.968      0.000

Group MALE

 ER       BY
    INC_BL_R           0.830      0.027     31.028      0.000
    NEIGH_SAFE         0.426      0.020     20.863      0.000
    ADI_BL             0.423      0.018     23.538      0.000

 ER       ON
    RACE_BL            0.231      0.024      9.802      0.000
    PUBERTY_BL         0.219      0.027      8.270      0.000
    AGE_BL            -0.057      0.022     -2.557      0.011
    SCAN1_BL           0.082      0.032      2.572      0.010
    SCAN2_BL           0.059      0.032      1.862      0.063

 CBCL_T_Y ON
    ER                 0.140      0.028      5.045      0.000

 BILAT_AM ON
    ER                 0.010      0.018      0.557      0.578

 CBCL_T_Y ON
    BILAT_AMYG         0.003      0.014      0.197      0.844
    RACE_BL           -0.033      0.020     -1.654      0.098
    PUBERTY_BL        -0.007      0.021     -0.317      0.751
    AGE_BL             0.021      0.020      1.081      0.280
    PAR_ACCEPT        -0.032      0.015     -2.180      0.029
    SCAN1_BL           0.037      0.028      1.343      0.179
    SCAN2_BL           0.035      0.028      1.244      0.214

 BILAT_AM ON
    RACE_BL           -0.015      0.019     -0.751      0.453
    PUBERTY_BL         0.009      0.020      0.437      0.662
    AGE_BL            -0.009      0.019     -0.471      0.638
    PAR_ACCEPT         0.015      0.013      1.145      0.252
    SCAN1_BL          -0.018      0.032     -0.542      0.588
    SCAN2_BL          -0.032      0.033     -0.957      0.339

 Intercepts
    INC_BL_R           2.230      0.303      7.360      0.000
    NEIGH_SAFE         1.454      0.157      9.286      0.000
    CBCL_T_Y1          4.772      0.345     13.826      0.000
    ADI_BL             4.178      0.187     22.379      0.000
    BILAT_AMYG         0.691      0.336      2.053      0.040
    ER                -0.846      0.514     -1.647      0.100

 Residual Variances
    INC_BL_R           0.311      0.044      7.002      0.000
    NEIGH_SAFE         0.818      0.017     46.968      0.000
    CBCL_T_Y1          0.980      0.007    137.202      0.000
    ADI_BL             0.821      0.015     53.886      0.000
    BILAT_AMYG         0.999      0.001    762.633      0.000
    ER                 0.884      0.016     55.361      0.000


STDY Standardization

                                                    Two-Tailed
                    Estimate       S.E.  Est./S.E.    P-Value

Group FEMALE

 ER       BY
    INC_BL_R           0.834      0.026     32.295      0.000
    NEIGH_SAFE         0.422      0.021     20.144      0.000
    ADI_BL             0.413      0.019     21.966      0.000

 ER       ON
    RACE_BL            0.166      0.018      9.164      0.000
    PUBERTY_BL         0.329      0.026     12.542      0.000
    AGE_BL            -0.016      0.003     -5.128      0.000
    SCAN1_BL           0.135      0.073      1.857      0.063
    SCAN2_BL           0.059      0.083      0.714      0.475

 CBCL_T_Y ON
    ER                 0.051      0.029      1.746      0.081

 BILAT_AM ON
    ER                 0.010      0.019      0.561      0.575

 CBCL_T_Y ON
    BILAT_AMYG         0.003      0.014      0.197      0.844
    RACE_BL            0.000      0.017     -0.027      0.979
    PUBERTY_BL         0.059      0.026      2.301      0.021
    AGE_BL            -0.002      0.003     -0.543      0.587
    PAR_ACCEPT        -0.111      0.051     -2.180      0.029
    SCAN1_BL           0.146      0.060      2.438      0.015
    SCAN2_BL           0.239      0.068      3.507      0.000

 BILAT_AM ON
    RACE_BL            0.037      0.016      2.328      0.020
    PUBERTY_BL        -0.016      0.024     -0.680      0.496
    AGE_BL            -0.001      0.003     -0.354      0.724
    PAR_ACCEPT         0.053      0.046      1.148      0.251
    SCAN1_BL          -0.005      0.065     -0.083      0.934
    SCAN2_BL          -0.203      0.086     -2.356      0.018

 Intercepts
    INC_BL_R           2.203      0.296      7.435      0.000
    NEIGH_SAFE         1.416      0.152      9.300      0.000
    CBCL_T_Y1          4.913      0.365     13.453      0.000
    ADI_BL             4.006      0.180     22.289      0.000
    BILAT_AMYG         0.628      0.351      1.786      0.074
    ER                 0.000      0.000    999.000    999.000

 Residual Variances
    INC_BL_R           0.305      0.043      7.074      0.000
    NEIGH_SAFE         0.822      0.018     46.421      0.000
    CBCL_T_Y1          0.987      0.005    210.305      0.000
    ADI_BL             0.829      0.016     53.392      0.000
    BILAT_AMYG         0.991      0.005    209.286      0.000
    ER                 0.854      0.016     51.968      0.000

Group MALE

 ER       BY
    INC_BL_R           0.830      0.027     31.028      0.000
    NEIGH_SAFE         0.426      0.020     20.863      0.000
    ADI_BL             0.423      0.018     23.538      0.000

 ER       ON
    RACE_BL            0.174      0.018      9.905      0.000
    PUBERTY_BL         0.387      0.046      8.383      0.000
    AGE_BL            -0.008      0.003     -2.557      0.011
    SCAN1_BL           0.173      0.067      2.573      0.010
    SCAN2_BL           0.142      0.076      1.862      0.063

 CBCL_T_Y ON
    ER                 0.140      0.028      5.045      0.000

 BILAT_AM ON
    ER                 0.010      0.018      0.557      0.578

 CBCL_T_Y ON
    BILAT_AMYG         0.003      0.014      0.197      0.844
    RACE_BL           -0.025      0.015     -1.655      0.098
    PUBERTY_BL        -0.012      0.037     -0.317      0.751
    AGE_BL             0.003      0.003      1.081      0.280
    PAR_ACCEPT        -0.109      0.050     -2.182      0.029
    SCAN1_BL           0.078      0.058      1.343      0.179
    SCAN2_BL           0.083      0.067      1.244      0.213

 BILAT_AM ON
    RACE_BL           -0.011      0.015     -0.751      0.453
    PUBERTY_BL         0.015      0.035      0.437      0.662
    AGE_BL            -0.001      0.003     -0.471      0.638
    PAR_ACCEPT         0.052      0.045      1.145      0.252
    SCAN1_BL          -0.037      0.068     -0.542      0.588
    SCAN2_BL          -0.076      0.080     -0.957      0.339

 Intercepts
    INC_BL_R           2.230      0.303      7.360      0.000
    NEIGH_SAFE         1.454      0.157      9.286      0.000
    CBCL_T_Y1          4.772      0.345     13.826      0.000
    ADI_BL             4.178      0.187     22.379      0.000
    BILAT_AMYG         0.691      0.336      2.053      0.040
    ER                -0.846      0.514     -1.647      0.100

 Residual Variances
    INC_BL_R           0.311      0.044      7.002      0.000
    NEIGH_SAFE         0.818      0.017     46.968      0.000
    CBCL_T_Y1          0.980      0.007    137.202      0.000
    ADI_BL             0.821      0.015     53.886      0.000
    BILAT_AMYG         0.999      0.001    762.633      0.000
    ER                 0.884      0.016     55.361      0.000


STD Standardization

                                                    Two-Tailed
                    Estimate       S.E.  Est./S.E.    P-Value

Group FEMALE

 ER       BY
    INC_BL_R           1.794      0.059     30.398      0.000
    NEIGH_SAFE         0.395      0.020     19.317      0.000
    ADI_BL            10.221      0.433     23.594      0.000

 ER       ON
    RACE_BL            0.166      0.018      9.164      0.000
    PUBERTY_BL         0.329      0.026     12.542      0.000
    AGE_BL            -0.016      0.003     -5.128      0.000
    SCAN1_BL           0.135      0.073      1.857      0.063
    SCAN2_BL           0.059      0.083      0.714      0.475

 CBCL_T_Y ON
    ER                 0.523      0.301      1.741      0.082

 BILAT_AM ON
    ER                 0.003      0.006      0.558      0.577

 CBCL_T_Y ON
    BILAT_AMYG         0.097      0.492      0.197      0.844
    RACE_BL           -0.005      0.172     -0.027      0.979
    PUBERTY_BL         0.606      0.264      2.296      0.022
    AGE_BL            -0.016      0.030     -0.543      0.587
    PAR_ACCEPT        -1.140      0.523     -2.179      0.029
    SCAN1_BL           1.506      0.619      2.433      0.015
    SCAN2_BL           2.461      0.704      3.496      0.000

 BILAT_AM ON
    RACE_BL            0.011      0.005      2.405      0.016
    PUBERTY_BL        -0.005      0.007     -0.671      0.502
    AGE_BL             0.000      0.001     -0.356      0.722
    PAR_ACCEPT         0.016      0.014      1.144      0.253
    SCAN1_BL          -0.002      0.019     -0.083      0.934
    SCAN2_BL          -0.061      0.025     -2.461      0.014

 Intercepts
    INC_BL_R           4.738      0.638      7.429      0.000
    NEIGH_SAFE         1.323      0.142      9.340      0.000
    CBCL_T_Y1         50.644      3.703     13.677      0.000
    ADI_BL            99.141      3.679     26.946      0.000
    BILAT_AMYG         0.188      0.102      1.844      0.065
    ER                 0.000      0.000    999.000    999.000

 Residual Variances
    INC_BL_R           1.410      0.211      6.673      0.000
    NEIGH_SAFE         0.718      0.027     26.649      0.000
    CBCL_T_Y1        104.866      2.773     37.816      0.000
    ADI_BL           507.864     29.428     17.258      0.000
    BILAT_AMYG         0.089      0.009     10.275      0.000
    ER                 0.854      0.016     51.968      0.000

Group MALE

 ER       BY
    INC_BL_R           1.763      0.062     28.651      0.000
    NEIGH_SAFE         0.388      0.019     19.906      0.000
    ADI_BL            10.047      0.418     24.010      0.000

 ER       ON
    RACE_BL            0.174      0.018      9.905      0.000
    PUBERTY_BL         0.387      0.046      8.383      0.000
    AGE_BL            -0.008      0.003     -2.557      0.011
    SCAN1_BL           0.173      0.067      2.573      0.010
    SCAN2_BL           0.142      0.076      1.862      0.063

 CBCL_T_Y ON
    ER                 1.460      0.292      4.999      0.000

 BILAT_AM ON
    ER                 0.003      0.005      0.558      0.577

 CBCL_T_Y ON
    BILAT_AMYG         0.097      0.492      0.197      0.844
    RACE_BL           -0.259      0.157     -1.653      0.098
    PUBERTY_BL        -0.122      0.385     -0.317      0.751
    AGE_BL             0.029      0.027      1.081      0.280
    PAR_ACCEPT        -1.140      0.523     -2.179      0.029
    SCAN1_BL           0.815      0.607      1.343      0.179
    SCAN2_BL           0.871      0.701      1.243      0.214

 BILAT_AM ON
    RACE_BL           -0.003      0.004     -0.749      0.454
    PUBERTY_BL         0.005      0.011      0.436      0.663
    AGE_BL             0.000      0.001     -0.471      0.638
    PAR_ACCEPT         0.016      0.014      1.144      0.253
    SCAN1_BL          -0.011      0.021     -0.542      0.588
    SCAN2_BL          -0.023      0.024     -0.955      0.340

 Intercepts
    INC_BL_R           4.738      0.638      7.429      0.000
    NEIGH_SAFE         1.323      0.142      9.340      0.000
    CBCL_T_Y1         49.837      3.583     13.909      0.000
    ADI_BL            99.141      3.679     26.946      0.000
    BILAT_AMYG         0.210      0.102      2.060      0.039
    ER                -0.846      0.514     -1.647      0.100

 Residual Variances
    INC_BL_R           1.403      0.211      6.653      0.000
    NEIGH_SAFE         0.678      0.024     27.713      0.000
    CBCL_T_Y1        106.844      2.474     43.190      0.000
    ADI_BL           462.169     26.026     17.758      0.000
    BILAT_AMYG         0.092      0.006     15.531      0.000
    ER                 0.884      0.016     55.361      0.000


R-SQUARE

Group FEMALE

    Observed                                        Two-Tailed
    Variable        Estimate       S.E.  Est./S.E.    P-Value

    INC_BL_R           0.695      0.043     16.147      0.000
    NEIGH_SA           0.178      0.018     10.072      0.000
    CBCL_T_Y           0.013      0.005      2.800      0.005
    ADI_BL             0.171      0.016     10.983      0.000
    BILAT_AM           0.009      0.005      1.847      0.065

     Latent                                         Two-Tailed
    Variable        Estimate       S.E.  Est./S.E.    P-Value

    ER                 0.146      0.016      8.908      0.000

Group MALE

    Observed                                        Two-Tailed
    Variable        Estimate       S.E.  Est./S.E.    P-Value

    INC_BL_R           0.689      0.044     15.514      0.000
    NEIGH_SA           0.182      0.017     10.431      0.000
    CBCL_T_Y           0.020      0.007      2.843      0.004
    ADI_BL             0.179      0.015     11.769      0.000
    BILAT_AM           0.001      0.001      0.866      0.387

     Latent                                         Two-Tailed
    Variable        Estimate       S.E.  Est./S.E.    P-Value

    ER                 0.116      0.016      7.300      0.000


QUALITY OF NUMERICAL RESULTS

     Condition Number for the Information Matrix              0.288E-08
       (ratio of smallest to largest eigenvalue)


MODEL MODIFICATION INDICES

NOTE:  Modification indices for direct effects of observed dependent variables
regressed on covariates may not be included.  To include these, request
MODINDICES (ALL).

Minimum M.I. value for printing the modification index    10.000

                                   M.I.     E.P.C.  Std E.P.C.  StdYX E.P.C.
Group FEMALE


Means/Intercepts/Thresholds

[ NEIGH_SA ]                      10.377     0.036      0.036        0.039

Group MALE


Means/Intercepts/Thresholds

[ NEIGH_SA ]                      10.377    -0.043     -0.043       -0.047



     Beginning Time:  15:18:36
        Ending Time:  15:18:37
       Elapsed Time:  00:00:01



MUTHEN & MUTHEN
3463 Stoner Ave.
Los Angeles, CA  90066

Tel: (310) 391-9971
Fax: (310) 391-8971
Web: www.StatModel.com
Support: Support@StatModel.com

Copyright (c) 1998-2015 Muthen & Muthen
