Mplus VERSION 7.31 (Mac)
MUTHEN & MUTHEN
12/10/2020   4:08 PM

INPUT INSTRUCTIONS

   TITLE: SEM Model for Ecological Risk
   DATA: FILE = Mplus_wide_final_SENSITIVITY.dat;
   VARIABLE:
   NAMES =
  IDs
  Age_BL
  Age_Y1
  Sex_M1F0_BL
  Sex_M1F0_Y1
  Race_BL
  Race_Y1
  Inc_BL
  Puberty_BL
  Puberty_Y1
  ADI_BL
  ADI_Y1
  CBCL_t_BL
  CBCL_t_Y1
  Neigh_safe_BL
  Neigh_safe_Y1
  Par_Accept_BL
  Par_Accept_Y1
   L_Amyg_BL
   R_Amyg_BL
   Bilat_Amyg_BL
   Family
   Inc_BL_r
   Neigh_safe_r_BL
   Neigh_safe_r_Y1
   scanner_type_BL
   Scan1_BL
   Scan2_BL
   ABCDsite_BL
   ABCDsite_Y1
   ;

  MISSING ARE ALL (99999);


  USEVARIABLES =  Inc_BL_r
  Neigh_safe_r_BL
  Race_BL
  Puberty_BL
  CBCL_t_Y1
  Age_BL
  ADI_BL
  Scan1_BL
   Scan2_BL
  Bilat_amyg_BL
  Par_Accept_BL
  !ParentXamy
  ;

  DEFINE:

  !ParentXamy = Bilat_amyg_BL*Par_Accept_BL;  ! creating interaction term of parent acceptan

  ANALYSIS:
  Type = Random ;

  MODEL:

  ER By Inc_BL_r*
  Neigh_safe_r_BL
  ADI_BL;
  ER@1;

  ER on
   Race_BL
   Puberty_BL
   Age_BL
   Scan1_BL
   Scan2_BL;

    ERXParent | ER XWITH Par_Accept_BL; !Creating Latent Interaction of Ecological risk X Pa

  CBCL_t_Y1 on
  ER
  Par_Accept_BL
  ERXParent
  Bilat_amyg_BL
  !ParentXamy
   Race_BL
   Puberty_BL
   Age_BL
   Scan1_BL
   Scan2_BL;

   Bilat_amyg_BL on ER
   Par_Accept_BL
   ERXParent
   Race_BL
   Puberty_BL
   Age_BL
   Scan1_BL
   Scan2_BL;

  MODEL INDIRECT:


  OUTPUT:	MODINDICES SAMPSTAT STANDARDIZED;



*** WARNING
  Input line exceeded 90 characters. Some input may be truncated.
  !ParentXamy = Bilat_amyg_BL*Par_Accept_BL;  ! creating interaction term of parent acceptanc
*** WARNING
  Input line exceeded 90 characters. Some input may be truncated.
    ERXParent | ER XWITH Par_Accept_BL; !Creating Latent Interaction of Ecological risk X Par
*** WARNING in VARIABLE command
  Note that only the first 8 characters of variable names are used in the output.
  Shorten variable names to avoid any confusion.
*** WARNING in OUTPUT command
  STANDARDIZED (STD, STDY, STDYX) options are not available for TYPE=RANDOM.
  Request for STANDARDIZED (STD, STDY, STDYX) is ignored.
*** WARNING
  Data set contains cases with missing on x-variables.
  These cases were not included in the analysis.
  Number of cases with missing on x-variables:  300
   5 WARNING(S) FOUND IN THE INPUT INSTRUCTIONS



SEM Model for Ecological Risk

SUMMARY OF ANALYSIS

Number of groups                                                 1
Number of observations                                        5507

Number of dependent variables                                    5
Number of independent variables                                  6
Number of continuous latent variables                            2

Observed dependent variables

  Continuous
   INC_BL_R    NEIGH_SAFE  CBCL_T_Y1   ADI_BL      BILAT_AMYG

Observed independent variables
   RACE_BL     PUBERTY_    AGE_BL      SCAN1_BL    SCAN2_BL    PAR_ACCE

Continuous latent variables
   ER          ERXPAREN


Estimator                                                      MLR
Information matrix                                        OBSERVED
Maximum number of iterations                                   100
Convergence criterion                                    0.100D-05
Maximum number of EM iterations                                500
Convergence criteria for the EM algorithm
  Loglikelihood change                                   0.100D-02
  Relative loglikelihood change                          0.100D-05
  Derivative                                             0.100D-03
Minimum variance                                         0.100D-03
Maximum number of steepest descent iterations                   20
Maximum number of iterations for H1                           2000
Convergence criterion for H1                             0.100D-03
Optimization algorithm                                         EMA

Input data file(s)
  Mplus_wide_final_SENSITIVITY.dat
Input data format  FREE


SUMMARY OF DATA

     Number of missing data patterns            10


COVARIANCE COVERAGE OF DATA

Minimum covariance coverage value   0.100


     PROPORTION OF DATA PRESENT


           Covariance Coverage
              INC_BL_R      NEIGH_SA      CBCL_T_Y      ADI_BL        BILAT_AM
              ________      ________      ________      ________      ________
 INC_BL_R       0.933
 NEIGH_SA       0.929         0.996
 CBCL_T_Y       0.894         0.952         0.956
 ADI_BL         0.884         0.943         0.908         0.946
 BILAT_AM       0.933         0.996         0.956         0.946         1.000
 RACE_BL        0.933         0.996         0.956         0.946         1.000
 PUBERTY_       0.933         0.996         0.956         0.946         1.000
 AGE_BL         0.933         0.996         0.956         0.946         1.000
 SCAN1_BL       0.933         0.996         0.956         0.946         1.000
 SCAN2_BL       0.933         0.996         0.956         0.946         1.000
 PAR_ACCE       0.933         0.996         0.956         0.946         1.000


           Covariance Coverage
              RACE_BL       PUBERTY_      AGE_BL        SCAN1_BL      SCAN2_BL
              ________      ________      ________      ________      ________
 RACE_BL        1.000
 PUBERTY_       1.000         1.000
 AGE_BL         1.000         1.000         1.000
 SCAN1_BL       1.000         1.000         1.000         1.000
 SCAN2_BL       1.000         1.000         1.000         1.000         1.000
 PAR_ACCE       1.000         1.000         1.000         1.000         1.000


           Covariance Coverage
              PAR_ACCE
              ________
 PAR_ACCE       1.000


SAMPLE STATISTICS


     ESTIMATED SAMPLE STATISTICS


           Means
              INC_BL_R      NEIGH_SA      CBCL_T_Y      ADI_BL        BILAT_AM
              ________      ________      ________      ________      ________
 1              3.390         1.027        48.559        91.404         0.192


           Means
              RACE_BL       PUBERTY_      AGE_BL        SCAN1_BL      SCAN2_BL
              ________      ________      ________      ________      ________
 1              1.927         1.728       119.701         0.651         0.226


           Means
              PAR_ACCE
              ________
 1              2.792


           Covariances
              INC_BL_R      NEIGH_SA      CBCL_T_Y      ADI_BL        BILAT_AM
              ________      ________      ________      ________      ________
 INC_BL_R       4.566
 NEIGH_SA       0.678         0.851
 CBCL_T_Y       1.443         1.109       108.065
 ADI_BL        18.263         4.424        14.730       587.596
 BILAT_AM       0.006         0.003         0.005         0.014         0.091
 RACE_BL        0.653         0.153         0.178         0.542         0.005
 PUBERTY_       0.358         0.094         0.140         1.595        -0.002
 AGE_BL        -0.258        -0.181         0.840        -4.226        -0.017
 SCAN1_BL       0.002        -0.009         0.035         0.873         0.004
 SCAN2_BL       0.019         0.016         0.122        -0.270        -0.006
 PAR_ACCE      -0.033        -0.008        -0.126        -0.347         0.001


           Covariances
              RACE_BL       PUBERTY_      AGE_BL        SCAN1_BL      SCAN2_BL
              ________      ________      ________      ________      ________
 RACE_BL        1.795
 PUBERTY_       0.134         0.740
 AGE_BL        -0.048         1.247        56.654
 SCAN1_BL      -0.069        -0.002         0.174         0.227
 SCAN2_BL       0.073         0.003        -0.160        -0.147         0.175
 PAR_ACCE      -0.011        -0.003         0.026         0.000        -0.001


           Covariances
              PAR_ACCE
              ________
 PAR_ACCE       0.084


           Correlations
              INC_BL_R      NEIGH_SA      CBCL_T_Y      ADI_BL        BILAT_AM
              ________      ________      ________      ________      ________
 INC_BL_R       1.000
 NEIGH_SA       0.344         1.000
 CBCL_T_Y       0.065         0.116         1.000
 ADI_BL         0.353         0.198         0.058         1.000
 BILAT_AM       0.009         0.013         0.001         0.002         1.000
 RACE_BL        0.228         0.123         0.013         0.017         0.012
 PUBERTY_       0.195         0.119         0.016         0.077        -0.007
 AGE_BL        -0.016        -0.026         0.011        -0.023        -0.007
 SCAN1_BL       0.002        -0.021         0.007         0.076         0.030
 SCAN2_BL       0.021         0.042         0.028        -0.027        -0.047
 PAR_ACCE      -0.053        -0.031        -0.042        -0.049         0.013


           Correlations
              RACE_BL       PUBERTY_      AGE_BL        SCAN1_BL      SCAN2_BL
              ________      ________      ________      ________      ________
 RACE_BL        1.000
 PUBERTY_       0.116         1.000
 AGE_BL        -0.005         0.193         1.000
 SCAN1_BL      -0.108        -0.004         0.048         1.000
 SCAN2_BL       0.131         0.007        -0.051        -0.739         1.000
 PAR_ACCE      -0.028        -0.014         0.012         0.003        -0.010


           Correlations
              PAR_ACCE
              ________
 PAR_ACCE       1.000


     MAXIMUM LOG-LIKELIHOOD VALUE FOR THE UNRESTRICTED (H1) MODEL IS -103246.749


UNIVARIATE SAMPLE STATISTICS


     UNIVARIATE HIGHER-ORDER MOMENT DESCRIPTIVE STATISTICS

         Variable/         Mean/     Skewness/   Minimum/ % with                Percentiles
        Sample Size      Variance    Kurtosis    Maximum  Min/Max      20%/60%    40%/80%    Median

     INC_BL_R              3.368       1.290       1.000   12.75%       2.000      2.000      3.000
            5138.000       4.538       1.173      10.000    1.91%       3.000      5.000
     NEIGH_SAFE_R_BL       1.027       0.957       0.000   22.58%       0.000      0.667      1.000
            5487.000       0.851       0.633       4.000    1.40%       1.000      1.667
     CBCL_T_Y1            48.539       0.372      33.000    7.28%      39.000     45.000     48.000
            5263.000     108.041      -0.446      87.000    0.02%      50.000     58.000
     ADI_BL               91.417      -2.010       0.000    1.94%      81.100     93.660     97.020
            5212.000     586.417       4.519     125.750    0.02%     100.530    108.140
     BILAT_AMYG_BL         0.192       0.379      -3.016    0.02%       0.008      0.140      0.190
            5507.000       0.091      15.787       4.636    0.02%       0.242      0.380
     RACE_BL               1.927       1.224       1.000   60.31%       1.000      1.000      1.000
            5507.000       1.795       0.209       5.000   10.37%       1.000      3.000
     PUBERTY_BL            1.728       0.711       1.000   52.66%       1.000      1.000      1.000
            5507.000       0.740      -0.841       5.000    0.04%       2.000      3.000
     AGE_BL              119.701      -0.066     107.000    0.84%     111.000    117.000    120.000
            5507.000      56.654      -1.276     132.000    1.23%     123.000    128.000
     SCAN1_BL              0.651      -0.634       0.000   34.90%       0.000      1.000      1.000
            5507.000       0.227      -1.599       1.000   65.10%       1.000      1.000
     SCAN2_BL              0.226       1.308       0.000   77.37%       0.000      0.000      0.000
            5507.000       0.175      -0.288       1.000   22.63%       0.000      1.000
     PAR_ACCEPT_BL         2.792      -1.893       1.000    0.09%       2.600      2.800      3.000
            5507.000       0.084       4.517       3.000   50.39%       3.000      3.000


THE MODEL ESTIMATION TERMINATED NORMALLY



MODEL FIT INFORMATION

Number of Free Parameters                       35

Loglikelihood

          H0 Value                      -62607.107
          H0 Scaling Correction Factor      1.3978
            for MLR

Information Criteria

          Akaike (AIC)                  125284.214
          Bayesian (BIC)                125515.696
          Sample-Size Adjusted BIC      125404.477
            (n* = (n + 2) / 24)



MODEL RESULTS

                                                    Two-Tailed
                    Estimate       S.E.  Est./S.E.    P-Value

 ER       BY
    INC_BL_R           1.644      0.056     29.438      0.000
    NEIGH_SAFE         0.375      0.018     20.738      0.000
    ADI_BL             9.590      0.397     24.131      0.000

 ER         ON
    RACE_BL            0.186      0.014     13.492      0.000
    PUBERTY_BL         0.276      0.023     12.167      0.000
    AGE_BL            -0.010      0.002     -4.424      0.000
    SCAN1_BL           0.170      0.052      3.255      0.001
    SCAN2_BL           0.115      0.061      1.901      0.057

 CBCL_T_Y1  ON
    ER                 0.394      1.672      0.236      0.814
    ERXPARENT          0.236      0.592      0.399      0.690

 BILAT_AMYG ON
    ER                 0.054      0.051      1.057      0.290
    ERXPARENT         -0.018      0.018     -1.015      0.310

 CBCL_T_Y1  ON
    PAR_ACCEPT        -1.272      0.535     -2.379      0.017
    BILAT_AMYG         0.087      0.494      0.177      0.860
    RACE_BL           -0.137      0.115     -1.190      0.234
    PUBERTY_BL        -0.140      0.183     -0.766      0.444
    AGE_BL             0.024      0.019      1.221      0.222
    SCAN1_BL           1.156      0.422      2.736      0.006
    SCAN2_BL           1.682      0.488      3.444      0.001

 BILAT_AMYG ON
    PAR_ACCEPT         0.012      0.015      0.792      0.428
    RACE_BL            0.004      0.003      1.176      0.240
    PUBERTY_BL        -0.004      0.005     -0.718      0.473
    AGE_BL             0.000      0.001     -0.545      0.586
    SCAN1_BL          -0.006      0.014     -0.456      0.648
    SCAN2_BL          -0.041      0.017     -2.404      0.016

 Intercepts
    INC_BL_R           3.749      0.436      8.597      0.000
    NEIGH_SAFE         1.110      0.100     11.080      0.000
    CBCL_T_Y1         48.879      2.721     17.964      0.000
    ADI_BL            93.545      2.566     36.455      0.000
    BILAT_AMYG         0.208      0.077      2.696      0.007

 Residual Variances
    INC_BL_R           1.506      0.180      8.379      0.000
    NEIGH_SAFE         0.691      0.019     36.652      0.000
    CBCL_T_Y1        106.456      1.820     58.499      0.000
    ADI_BL           483.132     19.552     24.710      0.000
    BILAT_AMYG         0.091      0.005     17.428      0.000
    ER                 1.000      0.000    999.000    999.000


QUALITY OF NUMERICAL RESULTS

     Condition Number for the Information Matrix              0.133E-06
       (ratio of smallest to largest eigenvalue)


MODEL MODIFICATION INDICES

NOTE:  Modification indices for direct effects of observed dependent variables
regressed on covariates may not be included.  To include these, request
MODINDICES (ALL).

Minimum M.I. value for printing the modification index    10.000

                                   M.I.     E.P.C.


WITH Statements

NEIGH_SA WITH INC_BL_R            39.914    -0.429
ADI_BL   WITH INC_BL_R           999.000     0.000


     Beginning Time:  16:08:59
        Ending Time:  16:09:27
       Elapsed Time:  00:00:28



MUTHEN & MUTHEN
3463 Stoner Ave.
Los Angeles, CA  90066

Tel: (310) 391-9971
Fax: (310) 391-8971
Web: www.StatModel.com
Support: Support@StatModel.com

Copyright (c) 1998-2015 Muthen & Muthen
