Mplus VERSION 7.31 (Mac)
MUTHEN & MUTHEN
12/10/2020   2:13 PM

INPUT INSTRUCTIONS

   TITLE: SEM Model for Ecological Risk
   DATA: FILE = Mplus_wide_final.dat;
   VARIABLE:
   NAMES =
   IDs
   Age_Y1
   Age_BL
  Sex_M1F0_Y1
  Sex_M1F0_BL
  Race_Y1
  Race_BL
  Inc_BL
  Puberty_Y1
  Puberty_BL
  ADI_Y1
  ADI_BL
  CBCL_t_Y1
  CBCL_t_BL
  Neigh_safe_Y1
  Neigh_safe_BL
  Par_Accept_Y1
  Par_Accept_BL
   L_Amyg_BL
   R_Amyg_BL
   Bilat_Amyg_BL
   Family
   Inc_BL_r
   Neigh_safe_r_Y1
   Neigh_safe_r_BL
   scanner_type_BL
   Scan1_BL
   Scan2_BL
   ABCDsite_Y1
   ABCDsite_BL
   ;

  MISSING ARE ALL (99999);

  !Categorical =  scanner; Only for dependent variable

  !USEOBSERVATIONS ARE Event_r EQ 1 ;

  USEVARIABLES =  Inc_BL_r
  Neigh_safe_r_BL
  Race_BL
  Puberty_BL
  CBCL_t_Y1
  !scanner
  Age_BL
  ADI_BL
  R_Amyg_BL
  Scan1_BL
   Scan2_BL
  Par_Accept_BL
  ;

  cluster = family;

  stratification= ABCDsite_BL;

  DEFINE:

  ANALYSIS:
  !TYPE = TWOLEVEL COMPLEX;
  TYPE = COMPLEX;

  MODEL:

  ER By Inc_BL_r*
  Neigh_safe_r_BL
  ADI_BL;
  ER@1;

  ER on
   Race_BL
   Puberty_BL
   Age_BL
   Scan1_BL
   Scan2_BL;

  CBCL_t_Y1 on ER R_Amyg_BL
   Race_BL
   Puberty_BL
   Age_BL
   Par_Accept_BL
   Scan1_BL
   Scan2_BL;

   R_Amyg_BL on ER
   Race_BL
   Puberty_BL
   Age_BL
   Par_Accept_BL
   Scan1_BL
   Scan2_BL;


  MODEL INDIRECT:


  OUTPUT:	MODINDICES SAMPSTAT STANDARDIZED;



*** WARNING in VARIABLE command
  Note that only the first 8 characters of variable names are used in the output.
  Shorten variable names to avoid any confusion.
*** WARNING
  Clusters with the same IDs have been found in different strata.  These
  clusters are assumed to be different because clusters are not allowed
  to appear in more than one stratum.
*** WARNING
  Data set contains cases with missing on x-variables.
  These cases were not included in the analysis.
  Number of cases with missing on x-variables:  379
   3 WARNING(S) FOUND IN THE INPUT INSTRUCTIONS



SEM Model for Ecological Risk

SUMMARY OF ANALYSIS

Number of groups                                                 1
Number of observations                                        7006

Number of dependent variables                                    5
Number of independent variables                                  6
Number of continuous latent variables                            1

Observed dependent variables

  Continuous
   INC_BL_R    NEIGH_SAFE  CBCL_T_Y1   ADI_BL      R_AMYG_BL

Observed independent variables
   RACE_BL     PUBERTY_    AGE_BL      SCAN1_BL    SCAN2_BL    PAR_ACCE

Continuous latent variables
   ER

Variables with special functions

  Stratification        ABCDSITE
  Cluster variable      FAMILY

Estimator                                                      MLR
Information matrix                                        OBSERVED
Maximum number of iterations                                  1000
Convergence criterion                                    0.500D-04
Maximum number of steepest descent iterations                   20
Maximum number of iterations for H1                           2000
Convergence criterion for H1                             0.100D-03

Input data file(s)
  Mplus_wide_final.dat

Input data format  FREE


SUMMARY OF DATA

     Number of missing data patterns            11
     Number of strata                      22
     Number of clusters                  6215


COVARIANCE COVERAGE OF DATA

Minimum covariance coverage value   0.100


     PROPORTION OF DATA PRESENT


           Covariance Coverage
              INC_BL_R      NEIGH_SA      CBCL_T_Y      ADI_BL        R_AMYG_B
              ________      ________      ________      ________      ________
 INC_BL_R       0.933
 NEIGH_SA       0.929         0.997
 CBCL_T_Y       0.894         0.952         0.955
 ADI_BL         0.883         0.941         0.905         0.945
 R_AMYG_B       0.933         0.997         0.955         0.945         1.000
 RACE_BL        0.933         0.997         0.955         0.945         1.000
 PUBERTY_       0.933         0.997         0.955         0.945         1.000
 AGE_BL         0.933         0.997         0.955         0.945         1.000
 SCAN1_BL       0.933         0.997         0.955         0.945         1.000
 SCAN2_BL       0.933         0.997         0.955         0.945         1.000
 PAR_ACCE       0.933         0.997         0.955         0.945         1.000


           Covariance Coverage
              RACE_BL       PUBERTY_      AGE_BL        SCAN1_BL      SCAN2_BL
              ________      ________      ________      ________      ________
 RACE_BL        1.000
 PUBERTY_       1.000         1.000
 AGE_BL         1.000         1.000         1.000
 SCAN1_BL       1.000         1.000         1.000         1.000
 SCAN2_BL       1.000         1.000         1.000         1.000         1.000
 PAR_ACCE       1.000         1.000         1.000         1.000         1.000


           Covariance Coverage
              PAR_ACCE
              ________
 PAR_ACCE       1.000


SAMPLE STATISTICS


     ESTIMATED SAMPLE STATISTICS


           Means
              INC_BL_R      NEIGH_SA      CBCL_T_Y      ADI_BL        R_AMYG_B
              ________      ________      ________      ________      ________
      1         3.424         1.036        48.494        91.191         0.208


           Means
              RACE_BL       PUBERTY_      AGE_BL        SCAN1_BL      SCAN2_BL
              ________      ________      ________      ________      ________
      1         1.956         1.735       119.615         0.640         0.234


           Means
              PAR_ACCE
              ________
      1         2.789


           Covariances
              INC_BL_R      NEIGH_SA      CBCL_T_Y      ADI_BL        R_AMYG_B
              ________      ________      ________      ________      ________
 INC_BL_R       4.705
 NEIGH_SA       0.703         0.855
 CBCL_T_Y       1.317         1.010       108.470
 ADI_BL        19.113         4.376        12.418       599.820
 R_AMYG_B       0.005         0.001         0.026         0.047         0.130
 RACE_BL        0.647         0.166         0.110         0.814         0.002
 PUBERTY_       0.364         0.096         0.151         1.794        -0.003
 AGE_BL        -0.183        -0.142         0.380        -3.615        -0.016
 SCAN1_BL      -0.009        -0.009        -0.034         0.931         0.006
 SCAN2_BL       0.027         0.016         0.182        -0.351        -0.009
 PAR_ACCE      -0.031        -0.008        -0.126        -0.279         0.001


           Covariances
              RACE_BL       PUBERTY_      AGE_BL        SCAN1_BL      SCAN2_BL
              ________      ________      ________      ________      ________
 RACE_BL        1.788
 PUBERTY_       0.134         0.738
 AGE_BL        -0.055         1.247        56.523
 SCAN1_BL      -0.068         0.002         0.183         0.230
 SCAN2_BL       0.077        -0.001        -0.163        -0.150         0.179
 PAR_ACCE      -0.011        -0.004         0.037         0.001        -0.003


           Covariances
              PAR_ACCE
              ________
 PAR_ACCE       0.084


           Correlations
              INC_BL_R      NEIGH_SA      CBCL_T_Y      ADI_BL        R_AMYG_B
              ________      ________      ________      ________      ________
 INC_BL_R       1.000
 NEIGH_SA       0.351         1.000
 CBCL_T_Y       0.058         0.105         1.000
 ADI_BL         0.360         0.193         0.049         1.000
 R_AMYG_B       0.007         0.002         0.007         0.005         1.000
 RACE_BL        0.223         0.134         0.008         0.025         0.003
 PUBERTY_       0.195         0.121         0.017         0.085        -0.009
 AGE_BL        -0.011        -0.020         0.005        -0.020        -0.006
 SCAN1_BL      -0.008        -0.021        -0.007         0.079         0.036
 SCAN2_BL       0.029         0.041         0.041        -0.034        -0.057
 PAR_ACCE      -0.049        -0.032        -0.042        -0.039         0.014


           Correlations
              RACE_BL       PUBERTY_      AGE_BL        SCAN1_BL      SCAN2_BL
              ________      ________      ________      ________      ________
 RACE_BL        1.000
 PUBERTY_       0.116         1.000
 AGE_BL        -0.005         0.193         1.000
 SCAN1_BL      -0.106         0.006         0.051         1.000
 SCAN2_BL       0.136        -0.003        -0.051        -0.737         1.000
 PAR_ACCE      -0.029        -0.014         0.017         0.010        -0.024


           Correlations
              PAR_ACCE
              ________
 PAR_ACCE       1.000


     MAXIMUM LOG-LIKELIHOOD VALUE FOR THE UNRESTRICTED (H1) MODEL IS -132836.095


UNIVARIATE SAMPLE STATISTICS


     UNIVARIATE HIGHER-ORDER MOMENT DESCRIPTIVE STATISTICS

         Variable/         Mean/     Skewness/   Minimum/ % with                Percentiles
        Sample Size      Variance    Kurtosis    Maximum  Min/Max      20%/60%    40%/80%    Median

     INC_BL_R              3.400       1.260       1.000   12.93%       2.000      2.000      3.000
            6535.000       4.679       1.045      10.000    2.05%       3.000      5.000
     NEIGH_SAFE_R_BL       1.036       0.944       0.000   22.36%       0.000      0.667      1.000
            6982.000       0.854       0.590       4.000    1.37%       1.000      1.667
     CBCL_T_Y1            48.476       0.386      33.000    7.44%      39.000     45.000     48.000
            6693.000     108.451      -0.440      87.000    0.01%      50.000     58.000
     ADI_BL               91.212      -1.982       0.000    2.06%      80.830     93.180     96.930
            6618.000     598.946       4.358     125.750    0.02%     100.570    108.180
     R_AMYG_BL             0.208       0.023      -4.705    0.01%      -0.007      0.146      0.207
            7006.000       0.130      15.004       4.707    0.01%       0.269      0.426
     RACE_BL               1.956       1.171       1.000   58.56%       1.000      1.000      1.000
            7006.000       1.788       0.113       5.000   10.31%       2.000      3.000
     PUBERTY_BL            1.735       0.693       1.000   52.10%       1.000      1.000      1.000
            7006.000       0.738      -0.855       5.000    0.06%       2.000      3.000
     AGE_BL              119.615      -0.049     107.000    0.87%     111.000    117.000    120.000
            7006.000      56.523      -1.274     132.000    1.23%     122.000    128.000
     SCAN1_BL              0.640      -0.583       0.000   36.01%       0.000      1.000      1.000
            7006.000       0.230      -1.660       1.000   63.99%       1.000      1.000
     SCAN2_BL              0.234       1.255       0.000   76.58%       0.000      0.000      0.000
            7006.000       0.179      -0.425       1.000   23.42%       0.000      1.000
     PAR_ACCEPT_BL         2.789      -1.820       1.000    0.07%       2.600      2.800      2.900
            7006.000       0.084       4.069       3.000   50.00%       3.000      3.000


THE MODEL ESTIMATION TERMINATED NORMALLY



MODEL FIT INFORMATION

Number of Free Parameters                       33

Loglikelihood

          H0 Value                      -81011.620
          H0 Scaling Correction Factor      1.4242
            for MLR
          H1 Value                      -80919.180
          H1 Scaling Correction Factor      1.3033
            for MLR

Information Criteria

          Akaike (AIC)                  162089.240
          Bayesian (BIC)                162315.439
          Sample-Size Adjusted BIC      162210.573
            (n* = (n + 2) / 24)

Chi-Square Test of Model Fit

          Value                            173.011*
          Degrees of Freedom                    17
          P-Value                           0.0000
          Scaling Correction Factor         1.0686
            for MLR

*   The chi-square value for MLM, MLMV, MLR, ULSMV, WLSM and WLSMV cannot be used
    for chi-square difference testing in the regular way.  MLM, MLR and WLSM
    chi-square difference testing is described on the Mplus website.  MLMV, WLSMV,
    and ULSMV difference testing is done using the DIFFTEST option.

RMSEA (Root Mean Square Error Of Approximation)

          Estimate                           0.036
          90 Percent C.I.                    0.031  0.041
          Probability RMSEA <= .05           1.000

CFI/TLI

          CFI                                0.931
          TLI                                0.838

Chi-Square Test of Model Fit for the Baseline Model

          Value                           2306.683
          Degrees of Freedom                    40
          P-Value                           0.0000

SRMR (Standardized Root Mean Square Residual)

          Value                              0.019



MODEL RESULTS

                                                    Two-Tailed
                    Estimate       S.E.  Est./S.E.    P-Value

 ER       BY
    INC_BL_R           1.682      0.051     32.959      0.000
    NEIGH_SAFE         0.380      0.016     23.170      0.000
    ADI_BL             9.827      0.361     27.214      0.000

 ER       ON
    RACE_BL            0.183      0.013     13.929      0.000
    PUBERTY_BL         0.276      0.021     13.472      0.000
    AGE_BL            -0.009      0.002     -4.458      0.000
    SCAN1_BL           0.133      0.048      2.770      0.006
    SCAN2_BL           0.102      0.054      1.904      0.057

 CBCL_T_Y ON
    ER                 0.928      0.184      5.048      0.000

 R_AMYG_B ON
    ER                 0.004      0.006      0.682      0.496

 CBCL_T_Y ON
    R_AMYG_BL          0.273      0.368      0.741      0.459
    RACE_BL           -0.171      0.106     -1.616      0.106
    PUBERTY_BL        -0.065      0.166     -0.391      0.696
    AGE_BL             0.014      0.018      0.776      0.438
    PAR_ACCEPT        -1.318      0.465     -2.832      0.005
    SCAN1_BL           0.999      0.392      2.546      0.011
    SCAN2_BL           1.866      0.448      4.168      0.000

 R_AMYG_B ON
    RACE_BL            0.003      0.003      0.804      0.421
    PUBERTY_BL        -0.005      0.005     -0.862      0.389
    AGE_BL             0.000      0.001     -0.540      0.589
    PAR_ACCEPT         0.016      0.015      1.083      0.279
    SCAN1_BL          -0.011      0.015     -0.765      0.444
    SCAN2_BL          -0.060      0.018     -3.364      0.001

 Intercepts
    INC_BL_R           3.615      0.392      9.219      0.000
    NEIGH_SAFE         1.080      0.089     12.112      0.000
    CBCL_T_Y1         49.963      2.429     20.566      0.000
    ADI_BL            92.362      2.311     39.972      0.000
    R_AMYG_BL          0.225      0.082      2.761      0.006

 Residual Variances
    INC_BL_R           1.512      0.169      8.954      0.000
    NEIGH_SAFE         0.691      0.017     39.884      0.000
    CBCL_T_Y1        107.066      1.659     64.528      0.000
    ADI_BL           490.481     17.578     27.903      0.000
    R_AMYG_BL          0.130      0.006     20.297      0.000
    ER                 1.000      0.000    999.000    999.000


STANDARDIZED MODEL RESULTS


STDYX Standardization

                                                    Two-Tailed
                    Estimate       S.E.  Est./S.E.    P-Value

 ER       BY
    INC_BL_R           0.824      0.022     38.260      0.000
    NEIGH_SAFE         0.437      0.018     24.270      0.000
    ADI_BL             0.427      0.015     29.055      0.000

 ER       ON
    RACE_BL            0.230      0.016     14.576      0.000
    PUBERTY_BL         0.223      0.016     14.118      0.000
    AGE_BL            -0.063      0.014     -4.481      0.000
    SCAN1_BL           0.060      0.022      2.776      0.006
    SCAN2_BL           0.041      0.021      1.905      0.057

 CBCL_T_Y ON
    ER                 0.095      0.019      5.065      0.000

 R_AMYG_B ON
    ER                 0.011      0.017      0.681      0.496

 CBCL_T_Y ON
    R_AMYG_BL          0.009      0.013      0.740      0.460
    RACE_BL           -0.022      0.014     -1.616      0.106
    PUBERTY_BL        -0.005      0.014     -0.391      0.696
    AGE_BL             0.010      0.013      0.776      0.438
    PAR_ACCEPT        -0.037      0.013     -2.832      0.005
    SCAN1_BL           0.046      0.018      2.548      0.011
    SCAN2_BL           0.076      0.018      4.176      0.000

 R_AMYG_B ON
    RACE_BL            0.010      0.013      0.802      0.423
    PUBERTY_BL        -0.011      0.013     -0.861      0.389
    AGE_BL            -0.007      0.012     -0.539      0.590
    PAR_ACCEPT         0.013      0.012      1.085      0.278
    SCAN1_BL          -0.015      0.019     -0.765      0.444
    SCAN2_BL          -0.070      0.021     -3.351      0.001

 Intercepts
    INC_BL_R           1.667      0.181      9.212      0.000
    NEIGH_SAFE         1.168      0.097     12.093      0.000
    CBCL_T_Y1          4.798      0.235     20.385      0.000
    ADI_BL             3.772      0.116     32.609      0.000
    R_AMYG_BL          0.624      0.229      2.725      0.006

 Residual Variances
    INC_BL_R           0.321      0.035      9.061      0.000
    NEIGH_SAFE         0.809      0.016     51.467      0.000
    CBCL_T_Y1          0.987      0.004    281.424      0.000
    ADI_BL             0.818      0.013     65.332      0.000
    R_AMYG_BL          0.996      0.002    567.915      0.000
    ER                 0.886      0.010     86.997      0.000


STDY Standardization

                                                    Two-Tailed
                    Estimate       S.E.  Est./S.E.    P-Value

 ER       BY
    INC_BL_R           0.824      0.022     38.260      0.000
    NEIGH_SAFE         0.437      0.018     24.270      0.000
    ADI_BL             0.427      0.015     29.055      0.000

 ER       ON
    RACE_BL            0.172      0.012     14.702      0.000
    PUBERTY_BL         0.260      0.018     14.171      0.000
    AGE_BL            -0.008      0.002     -4.482      0.000
    SCAN1_BL           0.125      0.045      2.776      0.006
    SCAN2_BL           0.096      0.051      1.905      0.057

 CBCL_T_Y ON
    ER                 0.095      0.019      5.065      0.000

 R_AMYG_B ON
    ER                 0.011      0.017      0.681      0.496

 CBCL_T_Y ON
    R_AMYG_BL          0.009      0.013      0.740      0.460
    RACE_BL           -0.016      0.010     -1.617      0.106
    PUBERTY_BL        -0.006      0.016     -0.391      0.696
    AGE_BL             0.001      0.002      0.776      0.438
    PAR_ACCEPT        -0.127      0.045     -2.835      0.005
    SCAN1_BL           0.096      0.038      2.548      0.011
    SCAN2_BL           0.179      0.043      4.176      0.000

 R_AMYG_B ON
    RACE_BL            0.008      0.009      0.802      0.423
    PUBERTY_BL        -0.013      0.015     -0.861      0.389
    AGE_BL            -0.001      0.002     -0.539      0.590
    PAR_ACCEPT         0.045      0.041      1.085      0.278
    SCAN1_BL          -0.031      0.040     -0.765      0.444
    SCAN2_BL          -0.165      0.049     -3.351      0.001

 Intercepts
    INC_BL_R           1.667      0.181      9.212      0.000
    NEIGH_SAFE         1.168      0.097     12.093      0.000
    CBCL_T_Y1          4.798      0.235     20.385      0.000
    ADI_BL             3.772      0.116     32.609      0.000
    R_AMYG_BL          0.624      0.229      2.725      0.006

 Residual Variances
    INC_BL_R           0.321      0.035      9.061      0.000
    NEIGH_SAFE         0.809      0.016     51.467      0.000
    CBCL_T_Y1          0.987      0.004    281.424      0.000
    ADI_BL             0.818      0.013     65.332      0.000
    R_AMYG_BL          0.996      0.002    567.915      0.000
    ER                 0.886      0.010     86.997      0.000


STD Standardization

                                                    Two-Tailed
                    Estimate       S.E.  Est./S.E.    P-Value

 ER       BY
    INC_BL_R           1.787      0.052     34.641      0.000
    NEIGH_SAFE         0.404      0.018     22.727      0.000
    ADI_BL            10.443      0.381     27.386      0.000

 ER       ON
    RACE_BL            0.172      0.012     14.702      0.000
    PUBERTY_BL         0.260      0.018     14.171      0.000
    AGE_BL            -0.008      0.002     -4.482      0.000
    SCAN1_BL           0.125      0.045      2.776      0.006
    SCAN2_BL           0.096      0.051      1.905      0.057

 CBCL_T_Y ON
    ER                 0.986      0.196      5.036      0.000

 R_AMYG_B ON
    ER                 0.004      0.006      0.682      0.496

 CBCL_T_Y ON
    R_AMYG_BL          0.273      0.368      0.741      0.459
    RACE_BL           -0.171      0.106     -1.616      0.106
    PUBERTY_BL        -0.065      0.166     -0.391      0.696
    AGE_BL             0.014      0.018      0.776      0.438
    PAR_ACCEPT        -1.318      0.465     -2.832      0.005
    SCAN1_BL           0.999      0.392      2.546      0.011
    SCAN2_BL           1.866      0.448      4.168      0.000

 R_AMYG_B ON
    RACE_BL            0.003      0.003      0.804      0.421
    PUBERTY_BL        -0.005      0.005     -0.862      0.389
    AGE_BL             0.000      0.001     -0.540      0.589
    PAR_ACCEPT         0.016      0.015      1.083      0.279
    SCAN1_BL          -0.011      0.015     -0.765      0.444
    SCAN2_BL          -0.060      0.018     -3.364      0.001

 Intercepts
    INC_BL_R           3.615      0.392      9.219      0.000
    NEIGH_SAFE         1.080      0.089     12.112      0.000
    CBCL_T_Y1         49.963      2.429     20.566      0.000
    ADI_BL            92.362      2.311     39.972      0.000
    R_AMYG_BL          0.225      0.082      2.761      0.006

 Residual Variances
    INC_BL_R           1.512      0.169      8.954      0.000
    NEIGH_SAFE         0.691      0.017     39.884      0.000
    CBCL_T_Y1        107.066      1.659     64.528      0.000
    ADI_BL           490.481     17.578     27.903      0.000
    R_AMYG_BL          0.130      0.006     20.297      0.000
    ER                 0.886      0.010     86.997      0.000


R-SQUARE

    Observed                                        Two-Tailed
    Variable        Estimate       S.E.  Est./S.E.    P-Value

    INC_BL_R           0.679      0.035     19.130      0.000
    NEIGH_SA           0.191      0.016     12.135      0.000
    CBCL_T_Y           0.013      0.004      3.613      0.000
    ADI_BL             0.182      0.013     14.528      0.000
    R_AMYG_B           0.004      0.002      2.253      0.024

     Latent                                         Two-Tailed
    Variable        Estimate       S.E.  Est./S.E.    P-Value

    ER                 0.114      0.010     11.247      0.000


QUALITY OF NUMERICAL RESULTS

     Condition Number for the Information Matrix              0.423E-08
       (ratio of smallest to largest eigenvalue)


MODEL MODIFICATION INDICES

NOTE:  Modification indices for direct effects of observed dependent variables
regressed on covariates may not be included.  To include these, request
MODINDICES (ALL).

Minimum M.I. value for printing the modification index    10.000

                                   M.I.     E.P.C.  Std E.P.C.  StdYX E.P.C.

ON Statements

ER       ON CBCL_T_Y              13.657     0.147      0.138        1.438
ER       ON R_AMYG_B              13.630   -11.893    -11.191       -4.040
ER       ON PAR_ACCE              13.639    -0.193     -0.181       -0.053

WITH Statements

NEIGH_SA WITH INC_BL_R            36.965    -0.387     -0.387       -0.378
ADI_BL   WITH INC_BL_R            24.983     7.993      7.993        0.293
RACE_BL  WITH ER                  13.638    -2.989     -2.989       -2.236
PUBERTY_ WITH ER                  13.647    -3.177     -3.177       -3.697
AGE_BL   WITH ER                  13.644    22.291     22.291        2.965
SCAN1_BL WITH ER                  13.643    -1.416     -1.416       -2.950
SCAN2_BL WITH ER                  13.642    -0.698     -0.698       -1.648
PAR_ACCE WITH ER                  13.640    -0.016     -0.016       -0.056


     Beginning Time:  14:13:10
        Ending Time:  14:13:11
       Elapsed Time:  00:00:01



MUTHEN & MUTHEN
3463 Stoner Ave.
Los Angeles, CA  90066

Tel: (310) 391-9971
Fax: (310) 391-8971
Web: www.StatModel.com
Support: Support@StatModel.com

Copyright (c) 1998-2015 Muthen & Muthen
