Mplus VERSION 7.31 (Mac)
MUTHEN & MUTHEN
12/10/2020   4:03 PM

INPUT INSTRUCTIONS

   TITLE: SEM Model for Ecological Risk
   DATA: FILE = Mplus_wide_final.dat;
   VARIABLE:
   NAMES =
   IDs
   Age_Y1
   Age_BL
  Sex_M1F0_Y1
  Sex_M1F0_BL
  Race_Y1
  Race_BL
  Inc_BL
  Puberty_Y1
  Puberty_BL
  ADI_Y1
  ADI_BL
  CBCL_t_Y1
  CBCL_t_BL
  Neigh_safe_Y1
  Neigh_safe_BL
  Par_Accept_Y1
  Par_Accept_BL
   L_Amyg_BL
   R_Amyg_BL
   Bilat_Amyg_BL
   Family
   Inc_BL_r
   Neigh_safe_r_Y1
   Neigh_safe_r_BL
   scanner_type_BL
   Scan1_BL
   Scan2_BL
   ABCDsite_Y1
   ABCDsite_BL
   ;

  MISSING ARE ALL (99999);


  USEVARIABLES =  Inc_BL_r
  Neigh_safe_r_BL
  Race_BL
  Puberty_BL
  CBCL_t_Y1
  Age_BL
  ADI_BL
  Scan1_BL
   Scan2_BL
  Bilat_amyg_BL
  Par_Accept_BL
  !ParentXamy
  ;

  DEFINE:

  !ParentXamy = Bilat_amyg_BL*Par_Accept_BL;  ! creating interaction term of parent acceptan

  ANALYSIS:
  Type = Random ;

  MODEL:

  ER By Inc_BL_r*
  Neigh_safe_r_BL
  ADI_BL;
  ER@1;

  ER on
   Race_BL
   Puberty_BL
   Age_BL
   Scan1_BL
   Scan2_BL;

    ERXParent | ER XWITH Par_Accept_BL; !Creating Latent Interaction of Ecological risk X Pa

  CBCL_t_Y1 on
  ER
  Par_Accept_BL
  ERXParent
  Bilat_amyg_BL
  !ParentXamy
   Race_BL
   Puberty_BL
   Age_BL
   Scan1_BL
   Scan2_BL;

   Bilat_amyg_BL on ER
   Par_Accept_BL
   ERXParent
   Race_BL
   Puberty_BL
   Age_BL
   Scan1_BL
   Scan2_BL;

  MODEL INDIRECT:


  OUTPUT:	MODINDICES SAMPSTAT STANDARDIZED;



*** WARNING
  Input line exceeded 90 characters. Some input may be truncated.
  !ParentXamy = Bilat_amyg_BL*Par_Accept_BL;  ! creating interaction term of parent acceptanc
*** WARNING
  Input line exceeded 90 characters. Some input may be truncated.
    ERXParent | ER XWITH Par_Accept_BL; !Creating Latent Interaction of Ecological risk X Par
*** WARNING in VARIABLE command
  Note that only the first 8 characters of variable names are used in the output.
  Shorten variable names to avoid any confusion.
*** WARNING in OUTPUT command
  STANDARDIZED (STD, STDY, STDYX) options are not available for TYPE=RANDOM.
  Request for STANDARDIZED (STD, STDY, STDYX) is ignored.
*** WARNING
  Data set contains cases with missing on x-variables.
  These cases were not included in the analysis.
  Number of cases with missing on x-variables:  379
   5 WARNING(S) FOUND IN THE INPUT INSTRUCTIONS



SEM Model for Ecological Risk

SUMMARY OF ANALYSIS

Number of groups                                                 1
Number of observations                                        7006

Number of dependent variables                                    5
Number of independent variables                                  6
Number of continuous latent variables                            2

Observed dependent variables

  Continuous
   INC_BL_R    NEIGH_SAFE  CBCL_T_Y1   ADI_BL      BILAT_AMYG

Observed independent variables
   RACE_BL     PUBERTY_    AGE_BL      SCAN1_BL    SCAN2_BL    PAR_ACCE

Continuous latent variables
   ER          ERXPAREN


Estimator                                                      MLR
Information matrix                                        OBSERVED
Maximum number of iterations                                   100
Convergence criterion                                    0.100D-05
Maximum number of EM iterations                                500
Convergence criteria for the EM algorithm
  Loglikelihood change                                   0.100D-02
  Relative loglikelihood change                          0.100D-05
  Derivative                                             0.100D-03
Minimum variance                                         0.100D-03
Maximum number of steepest descent iterations                   20
Maximum number of iterations for H1                           2000
Convergence criterion for H1                             0.100D-03
Optimization algorithm                                         EMA

Input data file(s)
  Mplus_wide_final.dat
Input data format  FREE


SUMMARY OF DATA

     Number of missing data patterns            11


COVARIANCE COVERAGE OF DATA

Minimum covariance coverage value   0.100


     PROPORTION OF DATA PRESENT


           Covariance Coverage
              INC_BL_R      NEIGH_SA      CBCL_T_Y      ADI_BL        BILAT_AM
              ________      ________      ________      ________      ________
 INC_BL_R       0.933
 NEIGH_SA       0.929         0.997
 CBCL_T_Y       0.894         0.952         0.955
 ADI_BL         0.883         0.941         0.905         0.945
 BILAT_AM       0.933         0.997         0.955         0.945         1.000
 RACE_BL        0.933         0.997         0.955         0.945         1.000
 PUBERTY_       0.933         0.997         0.955         0.945         1.000
 AGE_BL         0.933         0.997         0.955         0.945         1.000
 SCAN1_BL       0.933         0.997         0.955         0.945         1.000
 SCAN2_BL       0.933         0.997         0.955         0.945         1.000
 PAR_ACCE       0.933         0.997         0.955         0.945         1.000


           Covariance Coverage
              RACE_BL       PUBERTY_      AGE_BL        SCAN1_BL      SCAN2_BL
              ________      ________      ________      ________      ________
 RACE_BL        1.000
 PUBERTY_       1.000         1.000
 AGE_BL         1.000         1.000         1.000
 SCAN1_BL       1.000         1.000         1.000         1.000
 SCAN2_BL       1.000         1.000         1.000         1.000         1.000
 PAR_ACCE       1.000         1.000         1.000         1.000         1.000


           Covariance Coverage
              PAR_ACCE
              ________
 PAR_ACCE       1.000


SAMPLE STATISTICS


     ESTIMATED SAMPLE STATISTICS


           Means
              INC_BL_R      NEIGH_SA      CBCL_T_Y      ADI_BL        BILAT_AM
              ________      ________      ________      ________      ________
 1              3.424         1.036        48.494        91.191         0.194


           Means
              RACE_BL       PUBERTY_      AGE_BL        SCAN1_BL      SCAN2_BL
              ________      ________      ________      ________      ________
 1              1.956         1.735       119.615         0.640         0.234


           Means
              PAR_ACCE
              ________
 1              2.789


           Covariances
              INC_BL_R      NEIGH_SA      CBCL_T_Y      ADI_BL        BILAT_AM
              ________      ________      ________      ________      ________
 INC_BL_R       4.705
 NEIGH_SA       0.703         0.855
 CBCL_T_Y       1.317         1.010       108.470
 ADI_BL        19.114         4.376        12.426       599.819
 BILAT_AM       0.004         0.002         0.024         0.010         0.096
 RACE_BL        0.647         0.166         0.110         0.814         0.005
 PUBERTY_       0.364         0.096         0.151         1.795        -0.002
 AGE_BL        -0.183        -0.142         0.381        -3.615        -0.008
 SCAN1_BL      -0.009        -0.009        -0.034         0.931         0.005
 SCAN2_BL       0.027         0.016         0.182        -0.351        -0.007
 PAR_ACCE      -0.031        -0.008        -0.126        -0.279         0.000


           Covariances
              RACE_BL       PUBERTY_      AGE_BL        SCAN1_BL      SCAN2_BL
              ________      ________      ________      ________      ________
 RACE_BL        1.788
 PUBERTY_       0.134         0.738
 AGE_BL        -0.055         1.247        56.523
 SCAN1_BL      -0.068         0.002         0.183         0.230
 SCAN2_BL       0.077        -0.001        -0.163        -0.150         0.179
 PAR_ACCE      -0.011        -0.004         0.037         0.001        -0.003


           Covariances
              PAR_ACCE
              ________
 PAR_ACCE       0.084


           Correlations
              INC_BL_R      NEIGH_SA      CBCL_T_Y      ADI_BL        BILAT_AM
              ________      ________      ________      ________      ________
 INC_BL_R       1.000
 NEIGH_SA       0.351         1.000
 CBCL_T_Y       0.058         0.105         1.000
 ADI_BL         0.360         0.193         0.049         1.000
 BILAT_AM       0.006         0.009         0.007         0.001         1.000
 RACE_BL        0.223         0.134         0.008         0.025         0.012
 PUBERTY_       0.195         0.121         0.017         0.085        -0.009
 AGE_BL        -0.011        -0.020         0.005        -0.020        -0.004
 SCAN1_BL      -0.008        -0.021        -0.007         0.079         0.033
 SCAN2_BL       0.029         0.041         0.041        -0.034        -0.053
 PAR_ACCE      -0.049        -0.032        -0.042        -0.039         0.005


           Correlations
              RACE_BL       PUBERTY_      AGE_BL        SCAN1_BL      SCAN2_BL
              ________      ________      ________      ________      ________
 RACE_BL        1.000
 PUBERTY_       0.116         1.000
 AGE_BL        -0.005         0.193         1.000
 SCAN1_BL      -0.106         0.006         0.051         1.000
 SCAN2_BL       0.136        -0.003        -0.051        -0.737         1.000
 PAR_ACCE      -0.029        -0.014         0.017         0.010        -0.024


           Correlations
              PAR_ACCE
              ________
 PAR_ACCE       1.000


     MAXIMUM LOG-LIKELIHOOD VALUE FOR THE UNRESTRICTED (H1) MODEL IS -131755.259


UNIVARIATE SAMPLE STATISTICS


     UNIVARIATE HIGHER-ORDER MOMENT DESCRIPTIVE STATISTICS

         Variable/         Mean/     Skewness/   Minimum/ % with                Percentiles
        Sample Size      Variance    Kurtosis    Maximum  Min/Max      20%/60%    40%/80%    Median

     INC_BL_R              3.400       1.260       1.000   12.93%       2.000      2.000      3.000
            6535.000       4.679       1.045      10.000    2.05%       3.000      5.000
     NEIGH_SAFE_R_BL       1.036       0.944       0.000   22.36%       0.000      0.667      1.000
            6982.000       0.854       0.590       4.000    1.37%       1.000      1.667
     CBCL_T_Y1            48.476       0.386      33.000    7.44%      39.000     45.000     48.000
            6693.000     108.451      -0.440      87.000    0.01%      50.000     58.000
     ADI_BL               91.212      -1.982       0.000    2.06%      80.830     93.180     96.930
            6618.000     598.946       4.358     125.750    0.02%     100.570    108.180
     BILAT_AMYG_BL         0.194       0.353      -3.016    0.01%       0.004      0.140      0.193
            7006.000       0.096      13.359       4.636    0.01%       0.247      0.386
     RACE_BL               1.956       1.171       1.000   58.56%       1.000      1.000      1.000
            7006.000       1.788       0.113       5.000   10.31%       2.000      3.000
     PUBERTY_BL            1.735       0.693       1.000   52.10%       1.000      1.000      1.000
            7006.000       0.738      -0.855       5.000    0.06%       2.000      3.000
     AGE_BL              119.615      -0.049     107.000    0.87%     111.000    117.000    120.000
            7006.000      56.523      -1.274     132.000    1.23%     122.000    128.000
     SCAN1_BL              0.640      -0.583       0.000   36.01%       0.000      1.000      1.000
            7006.000       0.230      -1.660       1.000   63.99%       1.000      1.000
     SCAN2_BL              0.234       1.255       0.000   76.58%       0.000      0.000      0.000
            7006.000       0.179      -0.425       1.000   23.42%       0.000      1.000
     PAR_ACCEPT_BL         2.789      -1.820       1.000    0.07%       2.600      2.800      2.900
            7006.000       0.084       4.069       3.000   50.00%       3.000      3.000


THE MODEL ESTIMATION TERMINATED NORMALLY



MODEL FIT INFORMATION

Number of Free Parameters                       35

Loglikelihood

          H0 Value                      -79929.908
          H0 Scaling Correction Factor      1.3461
            for MLR

Information Criteria

          Akaike (AIC)                  159929.816
          Bayesian (BIC)                160169.724
          Sample-Size Adjusted BIC      160058.502
            (n* = (n + 2) / 24)



MODEL RESULTS

                                                    Two-Tailed
                    Estimate       S.E.  Est./S.E.    P-Value

 ER       BY
    INC_BL_R           1.683      0.049     34.540      0.000
    NEIGH_SAFE         0.380      0.016     24.312      0.000
    ADI_BL             9.819      0.347     28.302      0.000

 ER         ON
    RACE_BL            0.183      0.012     14.978      0.000
    PUBERTY_BL         0.276      0.020     13.943      0.000
    AGE_BL            -0.009      0.002     -4.467      0.000
    SCAN1_BL           0.132      0.046      2.870      0.004
    SCAN2_BL           0.102      0.053      1.935      0.053

 CBCL_T_Y1  ON
    ER                -0.422      1.475     -0.286      0.775
    ERXPARENT          0.484      0.522      0.926      0.355

 BILAT_AMYG ON
    ER                 0.045      0.045      0.983      0.326
    ERXPARENT         -0.015      0.016     -0.946      0.344

 CBCL_T_Y1  ON
    PAR_ACCEPT        -1.291      0.473     -2.728      0.006
    BILAT_AMYG         0.330      0.429      0.769      0.442
    RACE_BL           -0.173      0.102     -1.697      0.090
    PUBERTY_BL        -0.061      0.162     -0.377      0.706
    AGE_BL             0.014      0.017      0.800      0.424
    SCAN1_BL           0.995      0.373      2.668      0.008
    SCAN2_BL           1.863      0.430      4.331      0.000

 BILAT_AMYG ON
    PAR_ACCEPT         0.004      0.013      0.334      0.739
    RACE_BL            0.004      0.003      1.474      0.140
    PUBERTY_BL        -0.005      0.005     -0.989      0.322
    AGE_BL             0.000      0.001     -0.300      0.764
    SCAN1_BL          -0.009      0.013     -0.695      0.487
    SCAN2_BL          -0.048      0.015     -3.130      0.002

 Intercepts
    INC_BL_R           3.616      0.393      9.200      0.000
    NEIGH_SAFE         1.080      0.089     12.102      0.000
    CBCL_T_Y1         49.871      2.398     20.795      0.000
    ADI_BL            92.367      2.309     39.997      0.000
    BILAT_AMYG         0.216      0.070      3.113      0.002

 Residual Variances
    INC_BL_R           1.507      0.159      9.505      0.000
    NEIGH_SAFE         0.692      0.016     42.031      0.000
    CBCL_T_Y1        107.049      1.620     66.064      0.000
    ADI_BL           490.677     17.263     28.423      0.000
    BILAT_AMYG         0.095      0.005     21.154      0.000
    ER                 1.000      0.000    999.000    999.000


QUALITY OF NUMERICAL RESULTS

     Condition Number for the Information Matrix              0.159E-06
       (ratio of smallest to largest eigenvalue)


MODEL MODIFICATION INDICES

NOTE:  Modification indices for direct effects of observed dependent variables
regressed on covariates may not be included.  To include these, request
MODINDICES (ALL).

Minimum M.I. value for printing the modification index    10.000

                                   M.I.     E.P.C.


WITH Statements

NEIGH_SA WITH INC_BL_R            45.075    -0.435
ADI_BL   WITH INC_BL_R           999.000     0.000


     Beginning Time:  16:03:44
        Ending Time:  16:04:19
       Elapsed Time:  00:00:35



MUTHEN & MUTHEN
3463 Stoner Ave.
Los Angeles, CA  90066

Tel: (310) 391-9971
Fax: (310) 391-8971
Web: www.StatModel.com
Support: Support@StatModel.com

Copyright (c) 1998-2015 Muthen & Muthen
