Mplus VERSION 7.31 (Mac)
MUTHEN & MUTHEN
12/10/2020   3:51 PM

INPUT INSTRUCTIONS

   TITLE: SEM Model for Ecological Risk
   DATA: FILE = Mplus_wide_final.dat;
   VARIABLE:
   NAMES =
   IDs
   Age_Y1
   Age_BL
  Sex_M1F0_Y1
  Sex_M1F0_BL
  Race_Y1
  Race_BL
  Inc_BL
  Puberty_Y1
  Puberty_BL
  ADI_Y1
  ADI_BL
  CBCL_t_Y1
  CBCL_t_BL
  Neigh_safe_Y1
  Neigh_safe_BL
  Par_Accept_Y1
  Par_Accept_BL
   L_Amyg_BL
   R_Amyg_BL
   Bilat_Amyg_BL
   Family
   Inc_BL_r
   Neigh_safe_r_Y1
   Neigh_safe_r_BL
   scanner_type_BL
   Scan1_BL
   Scan2_BL
   ABCDsite_Y1
   ABCDsite_BL
   ;

  MISSING ARE ALL (99999);


  USEVARIABLES =  Inc_BL_r
  Neigh_safe_r_BL
  Race_BL
  Puberty_BL
  CBCL_t_Y1
  Age_BL
  ADI_BL
  Bilat_amyg_BL
  Par_Accept_BL
   Scan1_BL
   Scan2_BL
  ParentXamy
  ;

  DEFINE:

  ! creating interaction term of parent acceptance X amygdala
  ParentXamy = Bilat_amyg_BL*Par_Accept_BL;

  ANALYSIS:
  Type = Random ;

  MODEL:

  ER By Inc_BL_r*
  Neigh_safe_r_BL
  ADI_BL;
  ER@1;

  ER on
   Race_BL
   Puberty_BL
   Age_BL
    Scan1_BL
   Scan2_BL;

    !Creating Latent Interaction of Ecological risk X Parental aceeptance
    !ERXParent | ER XWITH Par_Accept_BL;

  CBCL_t_Y1 on
  ER
  Par_Accept_BL
  !ERXParent
  Bilat_amyg_BL
  ParentXamy
   Race_BL
   Puberty_BL
   Age_BL
    Scan1_BL
   Scan2_BL;

  ! Bilat_amyg_BL on ER
  ! Par_Accept_BL
  ! Race_BL
  ! Puberty_BL
  ! Age_BL
   ! Scan1_BL
   !Scan2_BL;

  MODEL INDIRECT:


  OUTPUT:	MODINDICES SAMPSTAT STANDARDIZED;



*** WARNING in VARIABLE command
  Note that only the first 8 characters of variable names are used in the output.
  Shorten variable names to avoid any confusion.
*** WARNING in OUTPUT command
  STANDARDIZED (STD, STDY, STDYX) options are not available for TYPE=RANDOM.
  Request for STANDARDIZED (STD, STDY, STDYX) is ignored.
*** WARNING
  Data set contains cases with missing on x-variables.
  These cases were not included in the analysis.
  Number of cases with missing on x-variables:  379
   3 WARNING(S) FOUND IN THE INPUT INSTRUCTIONS



SEM Model for Ecological Risk

SUMMARY OF ANALYSIS

Number of groups                                                 1
Number of observations                                        7006

Number of dependent variables                                    4
Number of independent variables                                  8
Number of continuous latent variables                            1

Observed dependent variables

  Continuous
   INC_BL_R    NEIGH_SAFE  CBCL_T_Y1   ADI_BL

Observed independent variables
   RACE_BL     PUBERTY_    AGE_BL      BILAT_AM    PAR_ACCE    SCAN1_BL
   SCAN2_BL    PARENTXA

Continuous latent variables
   ER


Estimator                                                      MLR
Information matrix                                        OBSERVED
Maximum number of iterations                                   100
Convergence criterion                                    0.100D-05
Maximum number of EM iterations                                500
Convergence criteria for the EM algorithm
  Loglikelihood change                                   0.100D-02
  Relative loglikelihood change                          0.100D-05
  Derivative                                             0.100D-03
Minimum variance                                         0.100D-03
Maximum number of steepest descent iterations                   20
Maximum number of iterations for H1                           2000
Convergence criterion for H1                             0.100D-03
Optimization algorithm                                         EMA

Input data file(s)
  Mplus_wide_final.dat
Input data format  FREE


SUMMARY OF DATA

     Number of missing data patterns            11


COVARIANCE COVERAGE OF DATA

Minimum covariance coverage value   0.100


     PROPORTION OF DATA PRESENT


           Covariance Coverage
              INC_BL_R      NEIGH_SA      CBCL_T_Y      ADI_BL        RACE_BL
              ________      ________      ________      ________      ________
 INC_BL_R       0.933
 NEIGH_SA       0.929         0.997
 CBCL_T_Y       0.894         0.952         0.955
 ADI_BL         0.883         0.941         0.905         0.945
 RACE_BL        0.933         0.997         0.955         0.945         1.000
 PUBERTY_       0.933         0.997         0.955         0.945         1.000
 AGE_BL         0.933         0.997         0.955         0.945         1.000
 BILAT_AM       0.933         0.997         0.955         0.945         1.000
 PAR_ACCE       0.933         0.997         0.955         0.945         1.000
 SCAN1_BL       0.933         0.997         0.955         0.945         1.000
 SCAN2_BL       0.933         0.997         0.955         0.945         1.000
 PARENTXA       0.933         0.997         0.955         0.945         1.000


           Covariance Coverage
              PUBERTY_      AGE_BL        BILAT_AM      PAR_ACCE      SCAN1_BL
              ________      ________      ________      ________      ________
 PUBERTY_       1.000
 AGE_BL         1.000         1.000
 BILAT_AM       1.000         1.000         1.000
 PAR_ACCE       1.000         1.000         1.000         1.000
 SCAN1_BL       1.000         1.000         1.000         1.000         1.000
 SCAN2_BL       1.000         1.000         1.000         1.000         1.000
 PARENTXA       1.000         1.000         1.000         1.000         1.000


           Covariance Coverage
              SCAN2_BL      PARENTXA
              ________      ________
 SCAN2_BL       1.000
 PARENTXA       1.000         1.000


SAMPLE STATISTICS


     ESTIMATED SAMPLE STATISTICS


           Means
              INC_BL_R      NEIGH_SA      CBCL_T_Y      ADI_BL        RACE_BL
              ________      ________      ________      ________      ________
 1              3.424         1.036        48.494        91.191         1.956


           Means
              PUBERTY_      AGE_BL        BILAT_AM      PAR_ACCE      SCAN1_BL
              ________      ________      ________      ________      ________
 1              1.735       119.615         0.194         2.789         0.640


           Means
              SCAN2_BL      PARENTXA
              ________      ________
 1              0.234         0.542


           Covariances
              INC_BL_R      NEIGH_SA      CBCL_T_Y      ADI_BL        RACE_BL
              ________      ________      ________      ________      ________
 INC_BL_R       4.704
 NEIGH_SA       0.703         0.855
 CBCL_T_Y       1.316         1.010       108.470
 ADI_BL        19.115         4.376        12.414       599.836
 RACE_BL        0.647         0.166         0.110         0.813         1.788
 PUBERTY_       0.364         0.096         0.151         1.793         0.134
 AGE_BL        -0.183        -0.142         0.381        -3.619        -0.055
 BILAT_AM       0.004         0.002         0.024         0.008         0.005
 PAR_ACCE      -0.031        -0.008        -0.126        -0.280        -0.011
 SCAN1_BL      -0.009        -0.009        -0.034         0.932        -0.068
 SCAN2_BL       0.027         0.016         0.182        -0.352         0.077
 PARENTXA       0.003         0.005         0.041        -0.004         0.009


           Covariances
              PUBERTY_      AGE_BL        BILAT_AM      PAR_ACCE      SCAN1_BL
              ________      ________      ________      ________      ________
 PUBERTY_       0.738
 AGE_BL         1.247        56.523
 BILAT_AM      -0.002        -0.008         0.096
 PAR_ACCE      -0.004         0.037         0.000         0.084
 SCAN1_BL       0.002         0.183         0.005         0.001         0.230
 SCAN2_BL      -0.001        -0.163        -0.007        -0.003        -0.150
 PARENTXA      -0.008        -0.010         0.266         0.017         0.014


           Covariances
              SCAN2_BL      PARENTXA
              ________      ________
 SCAN2_BL       0.179
 PARENTXA      -0.020         0.748


           Correlations
              INC_BL_R      NEIGH_SA      CBCL_T_Y      ADI_BL        RACE_BL
              ________      ________      ________      ________      ________
 INC_BL_R       1.000
 NEIGH_SA       0.351         1.000
 CBCL_T_Y       0.058         0.105         1.000
 ADI_BL         0.360         0.193         0.049         1.000
 RACE_BL        0.223         0.134         0.008         0.025         1.000
 PUBERTY_       0.195         0.121         0.017         0.085         0.116
 AGE_BL        -0.011        -0.020         0.005        -0.020        -0.005
 BILAT_AM       0.006         0.009         0.007         0.001         0.012
 PAR_ACCE      -0.049        -0.032        -0.042        -0.039        -0.029
 SCAN1_BL      -0.008        -0.021        -0.007         0.079        -0.106
 SCAN2_BL       0.029         0.041         0.041        -0.034         0.136
 PARENTXA       0.002         0.006         0.005         0.000         0.008


           Correlations
              PUBERTY_      AGE_BL        BILAT_AM      PAR_ACCE      SCAN1_BL
              ________      ________      ________      ________      ________
 PUBERTY_       1.000
 AGE_BL         0.193         1.000
 BILAT_AM      -0.009        -0.004         1.000
 PAR_ACCE      -0.014         0.017         0.005         1.000
 SCAN1_BL       0.006         0.051         0.033         0.010         1.000
 SCAN2_BL      -0.003        -0.051        -0.053        -0.024        -0.737
 PARENTXA      -0.010        -0.002         0.992         0.069         0.035


           Correlations
              SCAN2_BL      PARENTXA
              ________      ________
 SCAN2_BL       1.000
 PARENTXA      -0.056         1.000


     MAXIMUM LOG-LIKELIHOOD VALUE FOR THE UNRESTRICTED (H1) MODEL IS -78128.527


UNIVARIATE SAMPLE STATISTICS


     UNIVARIATE HIGHER-ORDER MOMENT DESCRIPTIVE STATISTICS

         Variable/         Mean/     Skewness/   Minimum/ % with                Percentiles
        Sample Size      Variance    Kurtosis    Maximum  Min/Max      20%/60%    40%/80%    Median

     INC_BL_R              3.400       1.260       1.000   12.93%       2.000      2.000      3.000
            6535.000       4.679       1.045      10.000    2.05%       3.000      5.000
     NEIGH_SAFE_R_BL       1.036       0.944       0.000   22.36%       0.000      0.667      1.000
            6982.000       0.854       0.590       4.000    1.37%       1.000      1.667
     CBCL_T_Y1            48.476       0.386      33.000    7.44%      39.000     45.000     48.000
            6693.000     108.451      -0.440      87.000    0.01%      50.000     58.000
     ADI_BL               91.212      -1.982       0.000    2.06%      80.830     93.180     96.930
            6618.000     598.946       4.358     125.750    0.02%     100.570    108.180
     RACE_BL               1.956       1.171       1.000   58.56%       1.000      1.000      1.000
            7006.000       1.788       0.113       5.000   10.31%       2.000      3.000
     PUBERTY_BL            1.735       0.693       1.000   52.10%       1.000      1.000      1.000
            7006.000       0.738      -0.855       5.000    0.06%       2.000      3.000
     AGE_BL              119.615      -0.049     107.000    0.87%     111.000    117.000    120.000
            7006.000      56.523      -1.274     132.000    1.23%     122.000    128.000
     BILAT_AMYG_BL         0.194       0.353      -3.016    0.01%       0.004      0.140      0.193
            7006.000       0.096      13.359       4.636    0.01%       0.247      0.386
     PAR_ACCEPT_BL         2.789      -1.820       1.000    0.07%       2.600      2.800      2.900
            7006.000       0.084       4.069       3.000   50.00%       3.000      3.000
     SCAN1_BL              0.640      -0.583       0.000   36.01%       0.000      1.000      1.000
            7006.000       0.230      -1.660       1.000   63.99%       1.000      1.000
     SCAN2_BL              0.234       1.255       0.000   76.58%       0.000      0.000      0.000
            7006.000       0.179      -0.425       1.000   23.42%       0.000      1.000
     PARENTXAMY            0.542       0.526      -7.842    0.01%       0.011      0.382      0.530
            7006.000       0.748      15.197      13.907    0.01%       0.689      1.078


THE MODEL ESTIMATION TERMINATED NORMALLY



MODEL FIT INFORMATION

Number of Free Parameters                       25

Loglikelihood

          H0 Value                      -78222.485
          H0 Scaling Correction Factor      1.1665
            for MLR
          H1 Value                      -78128.527
          H1 Scaling Correction Factor      1.1055
            for MLR

Information Criteria

          Akaike (AIC)                  156494.970
          Bayesian (BIC)                156666.333
          Sample-Size Adjusted BIC      156586.889
            (n* = (n + 2) / 24)

Chi-Square Test of Model Fit

          Value                            181.941*
          Degrees of Freedom                    21
          P-Value                           0.0000
          Scaling Correction Factor         1.0328
            for MLR

*   The chi-square value for MLM, MLMV, MLR, ULSMV, WLSM and WLSMV cannot be used
    for chi-square difference testing in the regular way.  MLM, MLR and WLSM
    chi-square difference testing is described on the Mplus website.  MLMV, WLSMV,
    and ULSMV difference testing is done using the DIFFTEST option.

RMSEA (Root Mean Square Error Of Approximation)

          Estimate                           0.033

CFI/TLI

          CFI                                0.932
          TLI                                0.878

Chi-Square Test of Model Fit for the Baseline Model

          Value                           2419.224
          Degrees of Freedom                    38
          P-Value                           0.0000

SRMR (Standardized Root Mean Square Residual)

          Value                              0.018



MODEL RESULTS

                                                    Two-Tailed
                    Estimate       S.E.  Est./S.E.    P-Value

 ER       BY
    INC_BL_R           1.682      0.049     34.537      0.000
    NEIGH_SAFE         0.380      0.016     24.358      0.000
    ADI_BL             9.827      0.347     28.299      0.000

 ER         ON
    RACE_BL            0.183      0.012     14.971      0.000
    PUBERTY_BL         0.276      0.020     13.953      0.000
    AGE_BL            -0.009      0.002     -4.459      0.000
    SCAN1_BL           0.133      0.046      2.887      0.004
    SCAN2_BL           0.102      0.053      1.933      0.053

 CBCL_T_Y1  ON
    ER                 0.928      0.177      5.250      0.000

 CBCL_T_Y1  ON
    PAR_ACCEPT        -1.303      0.521     -2.501      0.012
    BILAT_AMYG         0.504      3.900      0.129      0.897
    PARENTXAMY        -0.062      1.397     -0.045      0.964
    RACE_BL           -0.172      0.102     -1.685      0.092
    PUBERTY_BL        -0.065      0.162     -0.399      0.690
    AGE_BL             0.014      0.017      0.790      0.430
    SCAN1_BL           0.999      0.373      2.678      0.007
    SCAN2_BL           1.866      0.430      4.337      0.000

 Intercepts
    INC_BL_R           3.615      0.393      9.194      0.000
    NEIGH_SAFE         1.079      0.089     12.080      0.000
    CBCL_T_Y1         49.918      2.492     20.032      0.000
    ADI_BL            92.361      2.314     39.909      0.000

 Residual Variances
    INC_BL_R           1.512      0.159      9.537      0.000
    NEIGH_SAFE         0.691      0.016     42.049      0.000
    CBCL_T_Y1        107.065      1.620     66.087      0.000
    ADI_BL           490.487     17.264     28.411      0.000
    ER                 1.000      0.000    999.000    999.000


QUALITY OF NUMERICAL RESULTS

     Condition Number for the Information Matrix              0.602E-07
       (ratio of smallest to largest eigenvalue)


MODEL MODIFICATION INDICES

NOTE:  Modification indices for direct effects of observed dependent variables
regressed on covariates may not be included.  To include these, request
MODINDICES (ALL).

Minimum M.I. value for printing the modification index    10.000

                                   M.I.     E.P.C.


ON Statements

ER       ON CBCL_T_Y              14.403     0.143
ER       ON PAR_ACCE              14.111    -0.193

WITH Statements

NEIGH_SA WITH INC_BL_R            38.257    -0.387
ADI_BL   WITH INC_BL_R            25.871     8.001
RACE_BL  WITH ER                  10.241    -1.780
AGE_BL   WITH ER                  13.864    19.934


     Beginning Time:  15:51:34
        Ending Time:  15:51:36
       Elapsed Time:  00:00:02



MUTHEN & MUTHEN
3463 Stoner Ave.
Los Angeles, CA  90066

Tel: (310) 391-9971
Fax: (310) 391-8971
Web: www.StatModel.com
Support: Support@StatModel.com

Copyright (c) 1998-2015 Muthen & Muthen
