Mplus VERSION 7.31 (Mac)
MUTHEN & MUTHEN
12/10/2020   2:07 PM

INPUT INSTRUCTIONS

   TITLE: SEM Model for Ecological Risk
   DATA: FILE = Mplus_wide_final.dat;
   VARIABLE:
   NAMES =
   IDs
   Age_Y1
   Age_BL
  Sex_M1F0_Y1
  Sex_M1F0_BL
  Race_Y1
  Race_BL
  Inc_BL
  Puberty_Y1
  Puberty_BL
  ADI_Y1
  ADI_BL
  CBCL_t_Y1
  CBCL_t_BL
  Neigh_safe_Y1
  Neigh_safe_BL
  Par_Accept_Y1
  Par_Accept_BL
   L_Amyg_BL
   R_Amyg_BL
   Bilat_Amyg_BL
   Family
   Inc_BL_r
   Neigh_safe_r_Y1
   Neigh_safe_r_BL
   scanner_type_BL
   Scan1_BL
   Scan2_BL
   ABCDsite_Y1
   ABCDsite_BL
   ;

  MISSING ARE ALL (99999);

  !Categorical =  scanner; Only for dependent variable

  !USEOBSERVATIONS ARE Event_r EQ 1 ;

  USEVARIABLES =  Inc_BL_r
  Neigh_safe_r_BL
  Race_BL
  Puberty_BL
  CBCL_t_Y1
  !scanner
  Age_BL
  ADI_BL
  L_Amyg_BL
  Scan1_BL
   Scan2_BL
  Par_Accept_BL
  ;

  cluster = family;

  stratification= ABCDsite_BL;

  DEFINE:

  ANALYSIS:
  !TYPE = TWOLEVEL COMPLEX;
  TYPE = COMPLEX;

  MODEL:

  ER By Inc_BL_r*
  Neigh_safe_r_BL
  ADI_BL;
  ER@1;

  ER on
   Race_BL
   Puberty_BL
   Age_BL
   Scan1_BL
   Scan2_BL;

  CBCL_t_Y1 on ER L_Amyg_BL
   Race_BL
   Puberty_BL
   Age_BL
   Par_Accept_BL
   Scan1_BL
   Scan2_BL;

   L_Amyg_BL on ER
   Race_BL
   Puberty_BL
   Age_BL
   Par_Accept_BL
   Scan1_BL
   Scan2_BL;


  MODEL INDIRECT:


  OUTPUT:	MODINDICES SAMPSTAT STANDARDIZED;



*** WARNING in VARIABLE command
  Note that only the first 8 characters of variable names are used in the output.
  Shorten variable names to avoid any confusion.
*** WARNING
  Clusters with the same IDs have been found in different strata.  These
  clusters are assumed to be different because clusters are not allowed
  to appear in more than one stratum.
*** WARNING
  Data set contains cases with missing on x-variables.
  These cases were not included in the analysis.
  Number of cases with missing on x-variables:  379
   3 WARNING(S) FOUND IN THE INPUT INSTRUCTIONS



SEM Model for Ecological Risk

SUMMARY OF ANALYSIS

Number of groups                                                 1
Number of observations                                        7006

Number of dependent variables                                    5
Number of independent variables                                  6
Number of continuous latent variables                            1

Observed dependent variables

  Continuous
   INC_BL_R    NEIGH_SAFE  CBCL_T_Y1   ADI_BL      L_AMYG_BL

Observed independent variables
   RACE_BL     PUBERTY_    AGE_BL      SCAN1_BL    SCAN2_BL    PAR_ACCE

Continuous latent variables
   ER

Variables with special functions

  Stratification        ABCDSITE
  Cluster variable      FAMILY

Estimator                                                      MLR
Information matrix                                        OBSERVED
Maximum number of iterations                                  1000
Convergence criterion                                    0.500D-04
Maximum number of steepest descent iterations                   20
Maximum number of iterations for H1                           2000
Convergence criterion for H1                             0.100D-03

Input data file(s)
  Mplus_wide_final.dat

Input data format  FREE


SUMMARY OF DATA

     Number of missing data patterns            11
     Number of strata                      22
     Number of clusters                  6215


COVARIANCE COVERAGE OF DATA

Minimum covariance coverage value   0.100


     PROPORTION OF DATA PRESENT


           Covariance Coverage
              INC_BL_R      NEIGH_SA      CBCL_T_Y      ADI_BL        L_AMYG_B
              ________      ________      ________      ________      ________
 INC_BL_R       0.933
 NEIGH_SA       0.929         0.997
 CBCL_T_Y       0.894         0.952         0.955
 ADI_BL         0.883         0.941         0.905         0.945
 L_AMYG_B       0.933         0.997         0.955         0.945         1.000
 RACE_BL        0.933         0.997         0.955         0.945         1.000
 PUBERTY_       0.933         0.997         0.955         0.945         1.000
 AGE_BL         0.933         0.997         0.955         0.945         1.000
 SCAN1_BL       0.933         0.997         0.955         0.945         1.000
 SCAN2_BL       0.933         0.997         0.955         0.945         1.000
 PAR_ACCE       0.933         0.997         0.955         0.945         1.000


           Covariance Coverage
              RACE_BL       PUBERTY_      AGE_BL        SCAN1_BL      SCAN2_BL
              ________      ________      ________      ________      ________
 RACE_BL        1.000
 PUBERTY_       1.000         1.000
 AGE_BL         1.000         1.000         1.000
 SCAN1_BL       1.000         1.000         1.000         1.000
 SCAN2_BL       1.000         1.000         1.000         1.000         1.000
 PAR_ACCE       1.000         1.000         1.000         1.000         1.000


           Covariance Coverage
              PAR_ACCE
              ________
 PAR_ACCE       1.000


SAMPLE STATISTICS


     ESTIMATED SAMPLE STATISTICS


           Means
              INC_BL_R      NEIGH_SA      CBCL_T_Y      ADI_BL        L_AMYG_B
              ________      ________      ________      ________      ________
      1         3.424         1.036        48.494        91.191         0.180


           Means
              RACE_BL       PUBERTY_      AGE_BL        SCAN1_BL      SCAN2_BL
              ________      ________      ________      ________      ________
      1         1.956         1.735       119.615         0.640         0.234


           Means
              PAR_ACCE
              ________
      1         2.789


           Covariances
              INC_BL_R      NEIGH_SA      CBCL_T_Y      ADI_BL        L_AMYG_B
              ________      ________      ________      ________      ________
 INC_BL_R       4.705
 NEIGH_SA       0.703         0.855
 CBCL_T_Y       1.317         1.010       108.470
 ADI_BL        19.115         4.376        12.430       599.819
 L_AMYG_B       0.003         0.004         0.022        -0.028         0.113
 RACE_BL        0.647         0.166         0.110         0.814         0.008
 PUBERTY_       0.364         0.096         0.151         1.795        -0.002
 AGE_BL        -0.183        -0.142         0.381        -3.616         0.000
 SCAN1_BL      -0.009        -0.009        -0.034         0.931         0.004
 SCAN2_BL       0.027         0.016         0.183        -0.351        -0.005
 PAR_ACCE      -0.031        -0.008        -0.126        -0.279        -0.001


           Covariances
              RACE_BL       PUBERTY_      AGE_BL        SCAN1_BL      SCAN2_BL
              ________      ________      ________      ________      ________
 RACE_BL        1.788
 PUBERTY_       0.134         0.738
 AGE_BL        -0.055         1.247        56.523
 SCAN1_BL      -0.068         0.002         0.183         0.230
 SCAN2_BL       0.077        -0.001        -0.163        -0.150         0.179
 PAR_ACCE      -0.011        -0.004         0.037         0.001        -0.003


           Covariances
              PAR_ACCE
              ________
 PAR_ACCE       0.084


           Correlations
              INC_BL_R      NEIGH_SA      CBCL_T_Y      ADI_BL        L_AMYG_B
              ________      ________      ________      ________      ________
 INC_BL_R       1.000
 NEIGH_SA       0.351         1.000
 CBCL_T_Y       0.058         0.105         1.000
 ADI_BL         0.360         0.193         0.049         1.000
 L_AMYG_B       0.005         0.013         0.006        -0.003         1.000
 RACE_BL        0.223         0.134         0.008         0.025         0.018
 PUBERTY_       0.195         0.121         0.017         0.085        -0.007
 AGE_BL        -0.011        -0.020         0.005        -0.020         0.000
 SCAN1_BL      -0.008        -0.021        -0.007         0.079         0.022
 SCAN2_BL       0.029         0.041         0.041        -0.034        -0.036
 PAR_ACCE      -0.049        -0.032        -0.042        -0.039        -0.005


           Correlations
              RACE_BL       PUBERTY_      AGE_BL        SCAN1_BL      SCAN2_BL
              ________      ________      ________      ________      ________
 RACE_BL        1.000
 PUBERTY_       0.116         1.000
 AGE_BL        -0.005         0.193         1.000
 SCAN1_BL      -0.106         0.006         0.051         1.000
 SCAN2_BL       0.136        -0.003        -0.051        -0.737         1.000
 PAR_ACCE      -0.029        -0.014         0.017         0.010        -0.024


           Correlations
              PAR_ACCE
              ________
 PAR_ACCE       1.000


     MAXIMUM LOG-LIKELIHOOD VALUE FOR THE UNRESTRICTED (H1) MODEL IS -132351.490


UNIVARIATE SAMPLE STATISTICS


     UNIVARIATE HIGHER-ORDER MOMENT DESCRIPTIVE STATISTICS

         Variable/         Mean/     Skewness/   Minimum/ % with                Percentiles
        Sample Size      Variance    Kurtosis    Maximum  Min/Max      20%/60%    40%/80%    Median

     INC_BL_R              3.400       1.260       1.000   12.93%       2.000      2.000      3.000
            6535.000       4.679       1.045      10.000    2.05%       3.000      5.000
     NEIGH_SAFE_R_BL       1.036       0.944       0.000   22.36%       0.000      0.667      1.000
            6982.000       0.854       0.590       4.000    1.37%       1.000      1.667
     CBCL_T_Y1            48.476       0.386      33.000    7.44%      39.000     45.000     48.000
            6693.000     108.451      -0.440      87.000    0.01%      50.000     58.000
     ADI_BL               91.212      -1.982       0.000    2.06%      80.830     93.180     96.930
            6618.000     598.946       4.358     125.750    0.02%     100.570    108.180
     L_AMYG_BL             0.180       0.409      -2.805    0.01%      -0.017      0.121      0.179
            7006.000       0.113      11.384       4.564    0.01%       0.237      0.382
     RACE_BL               1.956       1.171       1.000   58.56%       1.000      1.000      1.000
            7006.000       1.788       0.113       5.000   10.31%       2.000      3.000
     PUBERTY_BL            1.735       0.693       1.000   52.10%       1.000      1.000      1.000
            7006.000       0.738      -0.855       5.000    0.06%       2.000      3.000
     AGE_BL              119.615      -0.049     107.000    0.87%     111.000    117.000    120.000
            7006.000      56.523      -1.274     132.000    1.23%     122.000    128.000
     SCAN1_BL              0.640      -0.583       0.000   36.01%       0.000      1.000      1.000
            7006.000       0.230      -1.660       1.000   63.99%       1.000      1.000
     SCAN2_BL              0.234       1.255       0.000   76.58%       0.000      0.000      0.000
            7006.000       0.179      -0.425       1.000   23.42%       0.000      1.000
     PAR_ACCEPT_BL         2.789      -1.820       1.000    0.07%       2.600      2.800      2.900
            7006.000       0.084       4.069       3.000   50.00%       3.000      3.000


THE MODEL ESTIMATION TERMINATED NORMALLY



MODEL FIT INFORMATION

Number of Free Parameters                       33

Loglikelihood

          H0 Value                      -80527.669
          H0 Scaling Correction Factor      1.3715
            for MLR
          H1 Value                      -80434.576
          H1 Scaling Correction Factor      1.2685
            for MLR

Information Criteria

          Akaike (AIC)                  161121.338
          Bayesian (BIC)                161347.537
          Sample-Size Adjusted BIC      161242.670
            (n* = (n + 2) / 24)

Chi-Square Test of Model Fit

          Value                            174.229*
          Degrees of Freedom                    17
          P-Value                           0.0000
          Scaling Correction Factor         1.0686
            for MLR

*   The chi-square value for MLM, MLMV, MLR, ULSMV, WLSM and WLSMV cannot be used
    for chi-square difference testing in the regular way.  MLM, MLR and WLSM
    chi-square difference testing is described on the Mplus website.  MLMV, WLSMV,
    and ULSMV difference testing is done using the DIFFTEST option.

RMSEA (Root Mean Square Error Of Approximation)

          Estimate                           0.036
          90 Percent C.I.                    0.032  0.041
          Probability RMSEA <= .05           1.000

CFI/TLI

          CFI                                0.930
          TLI                                0.836

Chi-Square Test of Model Fit for the Baseline Model

          Value                           2293.109
          Degrees of Freedom                    40
          P-Value                           0.0000

SRMR (Standardized Root Mean Square Residual)

          Value                              0.019



MODEL RESULTS

                                                    Two-Tailed
                    Estimate       S.E.  Est./S.E.    P-Value

 ER       BY
    INC_BL_R           1.682      0.051     32.942      0.000
    NEIGH_SAFE         0.380      0.016     23.166      0.000
    ADI_BL             9.827      0.361     27.217      0.000

 ER       ON
    RACE_BL            0.183      0.013     13.931      0.000
    PUBERTY_BL         0.276      0.021     13.471      0.000
    AGE_BL            -0.009      0.002     -4.458      0.000
    SCAN1_BL           0.133      0.048      2.771      0.006
    SCAN2_BL           0.102      0.054      1.904      0.057

 CBCL_T_Y ON
    ER                 0.928      0.184      5.053      0.000

 L_AMYG_B ON
    ER                 0.002      0.005      0.299      0.765

 CBCL_T_Y ON
    L_AMYG_BL          0.229      0.387      0.592      0.554
    RACE_BL           -0.172      0.106     -1.623      0.105
    PUBERTY_BL        -0.065      0.166     -0.394      0.694
    AGE_BL             0.014      0.018      0.772      0.440
    PAR_ACCEPT        -1.311      0.465     -2.818      0.005
    SCAN1_BL           0.998      0.393      2.542      0.011
    SCAN2_BL           1.860      0.448      4.150      0.000

 L_AMYG_B ON
    RACE_BL            0.006      0.003      1.815      0.070
    PUBERTY_BL        -0.004      0.005     -0.869      0.385
    AGE_BL             0.000      0.001      0.047      0.962
    PAR_ACCEPT        -0.006      0.014     -0.466      0.641
    SCAN1_BL          -0.007      0.014     -0.489      0.625
    SCAN2_BL          -0.037      0.017     -2.182      0.029

 Intercepts
    INC_BL_R           3.615      0.392      9.219      0.000
    NEIGH_SAFE         1.080      0.089     12.111      0.000
    CBCL_T_Y1         49.974      2.430     20.562      0.000
    ADI_BL            92.362      2.311     39.973      0.000
    L_AMYG_BL          0.204      0.074      2.764      0.006

 Residual Variances
    INC_BL_R           1.513      0.169      8.953      0.000
    NEIGH_SAFE         0.691      0.017     39.873      0.000
    CBCL_T_Y1        107.069      1.660     64.498      0.000
    ADI_BL           490.489     17.578     27.903      0.000
    L_AMYG_BL          0.113      0.005     22.814      0.000
    ER                 1.000      0.000    999.000    999.000


STANDARDIZED MODEL RESULTS


STDYX Standardization

                                                    Two-Tailed
                    Estimate       S.E.  Est./S.E.    P-Value

 ER       BY
    INC_BL_R           0.824      0.022     38.250      0.000
    NEIGH_SAFE         0.437      0.018     24.265      0.000
    ADI_BL             0.426      0.015     29.058      0.000

 ER       ON
    RACE_BL            0.230      0.016     14.578      0.000
    PUBERTY_BL         0.223      0.016     14.117      0.000
    AGE_BL            -0.063      0.014     -4.481      0.000
    SCAN1_BL           0.060      0.022      2.777      0.005
    SCAN2_BL           0.041      0.021      1.906      0.057

 CBCL_T_Y ON
    ER                 0.095      0.019      5.070      0.000

 L_AMYG_B ON
    ER                 0.005      0.016      0.300      0.764

 CBCL_T_Y ON
    L_AMYG_BL          0.007      0.013      0.592      0.554
    RACE_BL           -0.022      0.014     -1.623      0.105
    PUBERTY_BL        -0.005      0.014     -0.394      0.694
    AGE_BL             0.010      0.013      0.772      0.440
    PAR_ACCEPT        -0.037      0.013     -2.818      0.005
    SCAN1_BL           0.046      0.018      2.544      0.011
    SCAN2_BL           0.076      0.018      4.159      0.000

 L_AMYG_B ON
    RACE_BL            0.023      0.013      1.803      0.071
    PUBERTY_BL        -0.011      0.013     -0.869      0.385
    AGE_BL             0.001      0.012      0.047      0.962
    PAR_ACCEPT        -0.006      0.012     -0.465      0.642
    SCAN1_BL          -0.010      0.020     -0.489      0.625
    SCAN2_BL          -0.046      0.021     -2.168      0.030

 Intercepts
    INC_BL_R           1.667      0.181      9.212      0.000
    NEIGH_SAFE         1.168      0.097     12.091      0.000
    CBCL_T_Y1          4.799      0.235     20.384      0.000
    ADI_BL             3.772      0.116     32.609      0.000
    L_AMYG_BL          0.607      0.222      2.735      0.006

 Residual Variances
    INC_BL_R           0.321      0.035      9.059      0.000
    NEIGH_SAFE         0.809      0.016     51.441      0.000
    CBCL_T_Y1          0.987      0.004    281.423      0.000
    ADI_BL             0.818      0.013     65.345      0.000
    L_AMYG_BL          0.998      0.001    795.407      0.000
    ER                 0.886      0.010     86.985      0.000


STDY Standardization

                                                    Two-Tailed
                    Estimate       S.E.  Est./S.E.    P-Value

 ER       BY
    INC_BL_R           0.824      0.022     38.250      0.000
    NEIGH_SAFE         0.437      0.018     24.265      0.000
    ADI_BL             0.426      0.015     29.058      0.000

 ER       ON
    RACE_BL            0.172      0.012     14.704      0.000
    PUBERTY_BL         0.260      0.018     14.171      0.000
    AGE_BL            -0.008      0.002     -4.482      0.000
    SCAN1_BL           0.125      0.045      2.777      0.005
    SCAN2_BL           0.096      0.051      1.906      0.057

 CBCL_T_Y ON
    ER                 0.095      0.019      5.070      0.000

 L_AMYG_B ON
    ER                 0.005      0.016      0.300      0.764

 CBCL_T_Y ON
    L_AMYG_BL          0.007      0.013      0.592      0.554
    RACE_BL           -0.016      0.010     -1.623      0.105
    PUBERTY_BL        -0.006      0.016     -0.394      0.694
    AGE_BL             0.001      0.002      0.772      0.440
    PAR_ACCEPT        -0.126      0.045     -2.821      0.005
    SCAN1_BL           0.096      0.038      2.544      0.011
    SCAN2_BL           0.179      0.043      4.159      0.000

 L_AMYG_B ON
    RACE_BL            0.017      0.010      1.803      0.071
    PUBERTY_BL        -0.013      0.015     -0.869      0.385
    AGE_BL             0.000      0.002      0.047      0.962
    PAR_ACCEPT        -0.019      0.041     -0.465      0.642
    SCAN1_BL          -0.020      0.041     -0.489      0.625
    SCAN2_BL          -0.110      0.051     -2.168      0.030

 Intercepts
    INC_BL_R           1.667      0.181      9.212      0.000
    NEIGH_SAFE         1.168      0.097     12.091      0.000
    CBCL_T_Y1          4.799      0.235     20.384      0.000
    ADI_BL             3.772      0.116     32.609      0.000
    L_AMYG_BL          0.607      0.222      2.735      0.006

 Residual Variances
    INC_BL_R           0.321      0.035      9.059      0.000
    NEIGH_SAFE         0.809      0.016     51.441      0.000
    CBCL_T_Y1          0.987      0.004    281.423      0.000
    ADI_BL             0.818      0.013     65.345      0.000
    L_AMYG_BL          0.998      0.001    795.407      0.000
    ER                 0.886      0.010     86.985      0.000


STD Standardization

                                                    Two-Tailed
                    Estimate       S.E.  Est./S.E.    P-Value

 ER       BY
    INC_BL_R           1.787      0.052     34.625      0.000
    NEIGH_SAFE         0.404      0.018     22.722      0.000
    ADI_BL            10.443      0.381     27.390      0.000

 ER       ON
    RACE_BL            0.172      0.012     14.704      0.000
    PUBERTY_BL         0.260      0.018     14.171      0.000
    AGE_BL            -0.008      0.002     -4.482      0.000
    SCAN1_BL           0.125      0.045      2.777      0.005
    SCAN2_BL           0.096      0.051      1.906      0.057

 CBCL_T_Y ON
    ER                 0.986      0.196      5.041      0.000

 L_AMYG_B ON
    ER                 0.002      0.005      0.299      0.765

 CBCL_T_Y ON
    L_AMYG_BL          0.229      0.387      0.592      0.554
    RACE_BL           -0.172      0.106     -1.623      0.105
    PUBERTY_BL        -0.065      0.166     -0.394      0.694
    AGE_BL             0.014      0.018      0.772      0.440
    PAR_ACCEPT        -1.311      0.465     -2.818      0.005
    SCAN1_BL           0.998      0.393      2.542      0.011
    SCAN2_BL           1.860      0.448      4.150      0.000

 L_AMYG_B ON
    RACE_BL            0.006      0.003      1.815      0.070
    PUBERTY_BL        -0.004      0.005     -0.869      0.385
    AGE_BL             0.000      0.001      0.047      0.962
    PAR_ACCEPT        -0.006      0.014     -0.466      0.641
    SCAN1_BL          -0.007      0.014     -0.489      0.625
    SCAN2_BL          -0.037      0.017     -2.182      0.029

 Intercepts
    INC_BL_R           3.615      0.392      9.219      0.000
    NEIGH_SAFE         1.080      0.089     12.111      0.000
    CBCL_T_Y1         49.974      2.430     20.562      0.000
    ADI_BL            92.362      2.311     39.973      0.000
    L_AMYG_BL          0.204      0.074      2.764      0.006

 Residual Variances
    INC_BL_R           1.513      0.169      8.953      0.000
    NEIGH_SAFE         0.691      0.017     39.873      0.000
    CBCL_T_Y1        107.069      1.660     64.498      0.000
    ADI_BL           490.489     17.578     27.903      0.000
    L_AMYG_BL          0.113      0.005     22.814      0.000
    ER                 0.886      0.010     86.985      0.000


R-SQUARE

    Observed                                        Two-Tailed
    Variable        Estimate       S.E.  Est./S.E.    P-Value

    INC_BL_R           0.679      0.035     19.125      0.000
    NEIGH_SA           0.191      0.016     12.132      0.000
    CBCL_T_Y           0.013      0.004      3.604      0.000
    ADI_BL             0.182      0.013     14.529      0.000
    L_AMYG_B           0.002      0.001      1.603      0.109

     Latent                                         Two-Tailed
    Variable        Estimate       S.E.  Est./S.E.    P-Value

    ER                 0.114      0.010     11.247      0.000


QUALITY OF NUMERICAL RESULTS

     Condition Number for the Information Matrix              0.369E-08
       (ratio of smallest to largest eigenvalue)


MODEL MODIFICATION INDICES

NOTE:  Modification indices for direct effects of observed dependent variables
regressed on covariates may not be included.  To include these, request
MODINDICES (ALL).

Minimum M.I. value for printing the modification index    10.000

                                   M.I.     E.P.C.  Std E.P.C.  StdYX E.P.C.

ON Statements

ER       ON CBCL_T_Y              13.643     0.147      0.138        1.438
ER       ON L_AMYG_B              13.644    30.062     28.289        9.521
ER       ON PAR_ACCE              13.641    -0.193     -0.181       -0.053

WITH Statements

NEIGH_SA WITH INC_BL_R            37.094    -0.388     -0.388       -0.379
ADI_BL   WITH INC_BL_R            25.105     8.014      8.014        0.294
RACE_BL  WITH ER                  13.641    -2.990     -2.990       -2.236
PUBERTY_ WITH ER                  13.642    -3.176     -3.176       -3.697
AGE_BL   WITH ER                  13.641    22.289     22.289        2.965
SCAN1_BL WITH ER                  13.642    -1.416     -1.416       -2.950
SCAN2_BL WITH ER                  13.642    -0.698     -0.698       -1.648
PAR_ACCE WITH ER                  13.641    -0.016     -0.016       -0.056


     Beginning Time:  14:07:38
        Ending Time:  14:07:40
       Elapsed Time:  00:00:02



MUTHEN & MUTHEN
3463 Stoner Ave.
Los Angeles, CA  90066

Tel: (310) 391-9971
Fax: (310) 391-8971
Web: www.StatModel.com
Support: Support@StatModel.com

Copyright (c) 1998-2015 Muthen & Muthen
