Mplus VERSION 7.31 (Mac)
MUTHEN & MUTHEN
12/10/2020   2:01 PM

INPUT INSTRUCTIONS

   TITLE: SEM Model for Ecological Risk
   DATA: FILE = Mplus_wide_final.dat;
   VARIABLE:
   NAMES =
   IDs
   Age_Y1
   Age_BL
  Sex_M1F0_Y1
  Sex_M1F0_BL
  Race_Y1
  Race_BL
  Inc_BL
  Puberty_Y1
  Puberty_BL
  ADI_Y1
  ADI_BL
  CBCL_t_Y1
  CBCL_t_BL
  Neigh_safe_Y1
  Neigh_safe_BL
  Par_Accept_Y1
  Par_Accept_BL
   L_Amyg_BL
   R_Amyg_BL
   Bilat_Amyg_BL
   Family
   Inc_BL_r
   Neigh_safe_r_Y1
   Neigh_safe_r_BL
   scanner_type_BL
   Scan1_BL
   Scan2_BL
   ABCDsite_Y1
   ABCDsite_BL
   ;

  MISSING ARE ALL (99999);

  !Categorical =  scanner; Only for dependent variable

  !USEOBSERVATIONS ARE Event_r EQ 1 ;

  USEVARIABLES =  Inc_BL_r
  Neigh_safe_r_BL
  Race_BL
  Puberty_BL
  CBCL_t_Y1
  !scanner
  Age_BL
  ADI_BL
  Bilat_amyg_BL
  Scan1_BL
   Scan2_BL
  Par_Accept_BL
  ;

  cluster = family;

  stratification= ABCDsite_BL;

  DEFINE:

  ANALYSIS:
  !TYPE = TWOLEVEL COMPLEX;
  TYPE = COMPLEX;

  MODEL:

  ER By Inc_BL_r*
  Neigh_safe_r_BL
  ADI_BL;
  ER@1;

  ER on
   Race_BL
   Puberty_BL
   Age_BL
   Scan1_BL
   Scan2_BL;

  CBCL_t_Y1 on ER Bilat_amyg_BL
   Race_BL
   Puberty_BL
   Age_BL
   Par_Accept_BL
   Scan1_BL
   Scan2_BL;

   Bilat_amyg_BL on ER
   Race_BL
   Puberty_BL
   Age_BL
   Par_Accept_BL
   Scan1_BL
   Scan2_BL;

   Par_Accept_BL on ER
   Race_BL
   Puberty_BL
   Age_BL
   Scan1_BL
   Scan2_BL;

  MODEL INDIRECT:
  CBCL_t_Y1 IND ER;

  OUTPUT:	MODINDICES SAMPSTAT STANDARDIZED;



*** WARNING in VARIABLE command
  Note that only the first 8 characters of variable names are used in the output.
  Shorten variable names to avoid any confusion.
*** WARNING
  Clusters with the same IDs have been found in different strata.  These
  clusters are assumed to be different because clusters are not allowed
  to appear in more than one stratum.
*** WARNING
  Data set contains cases with missing on x-variables.
  These cases were not included in the analysis.
  Number of cases with missing on x-variables:  366
   3 WARNING(S) FOUND IN THE INPUT INSTRUCTIONS



SEM Model for Ecological Risk

SUMMARY OF ANALYSIS

Number of groups                                                 1
Number of observations                                        7019

Number of dependent variables                                    6
Number of independent variables                                  5
Number of continuous latent variables                            1

Observed dependent variables

  Continuous
   INC_BL_R    NEIGH_SAFE  CBCL_T_Y1   ADI_BL      BILAT_AMYG  PAR_ACCEPT

Observed independent variables
   RACE_BL     PUBERTY_    AGE_BL      SCAN1_BL    SCAN2_BL

Continuous latent variables
   ER

Variables with special functions

  Stratification        ABCDSITE
  Cluster variable      FAMILY

Estimator                                                      MLR
Information matrix                                        OBSERVED
Maximum number of iterations                                  1000
Convergence criterion                                    0.500D-04
Maximum number of steepest descent iterations                   20
Maximum number of iterations for H1                           2000
Convergence criterion for H1                             0.100D-03

Input data file(s)
  Mplus_wide_final.dat

Input data format  FREE


SUMMARY OF DATA

     Number of missing data patterns            15
     Number of strata                      22
     Number of clusters                  6225


COVARIANCE COVERAGE OF DATA

Minimum covariance coverage value   0.100


     PROPORTION OF DATA PRESENT


           Covariance Coverage
              INC_BL_R      NEIGH_SA      CBCL_T_Y      ADI_BL        BILAT_AM
              ________      ________      ________      ________      ________
 INC_BL_R       0.932
 NEIGH_SA       0.929         0.996
 CBCL_T_Y       0.893         0.951         0.955
 ADI_BL         0.882         0.941         0.904         0.945
 BILAT_AM       0.932         0.996         0.955         0.945         1.000
 PAR_ACCE       0.931         0.995         0.954         0.943         0.998
 RACE_BL        0.932         0.996         0.955         0.945         1.000
 PUBERTY_       0.932         0.996         0.955         0.945         1.000
 AGE_BL         0.932         0.996         0.955         0.945         1.000
 SCAN1_BL       0.932         0.996         0.955         0.945         1.000
 SCAN2_BL       0.932         0.996         0.955         0.945         1.000


           Covariance Coverage
              PAR_ACCE      RACE_BL       PUBERTY_      AGE_BL        SCAN1_BL
              ________      ________      ________      ________      ________
 PAR_ACCE       0.998
 RACE_BL        0.998         1.000
 PUBERTY_       0.998         1.000         1.000
 AGE_BL         0.998         1.000         1.000         1.000
 SCAN1_BL       0.998         1.000         1.000         1.000         1.000
 SCAN2_BL       0.998         1.000         1.000         1.000         1.000


           Covariance Coverage
              SCAN2_BL
              ________
 SCAN2_BL       1.000


SAMPLE STATISTICS


     ESTIMATED SAMPLE STATISTICS


           Means
              INC_BL_R      NEIGH_SA      CBCL_T_Y      ADI_BL        BILAT_AM
              ________      ________      ________      ________      ________
      1         3.423         1.036        48.501        91.138         0.194


           Means
              PAR_ACCE      RACE_BL       PUBERTY_      AGE_BL        SCAN1_BL
              ________      ________      ________      ________      ________
      1         2.789         1.956         1.734       119.615         0.639


           Means
              SCAN2_BL
              ________
      1         0.234


           Covariances
              INC_BL_R      NEIGH_SA      CBCL_T_Y      ADI_BL        BILAT_AM
              ________      ________      ________      ________      ________
 INC_BL_R       4.702
 NEIGH_SA       0.702         0.854
 CBCL_T_Y       1.311         1.004       108.469
 ADI_BL        19.148         4.349        12.545       602.880
 BILAT_AM       0.004         0.002         0.024        -0.001         0.096
 PAR_ACCE      -0.031        -0.008        -0.126        -0.281         0.000
 RACE_BL        0.646         0.167         0.114         0.828         0.005
 PUBERTY_       0.364         0.096         0.149         1.801        -0.003
 AGE_BL        -0.183        -0.139         0.365        -3.557        -0.008
 SCAN1_BL      -0.008        -0.010        -0.037         0.940         0.005
 SCAN2_BL       0.027         0.016         0.185        -0.334        -0.007


           Covariances
              PAR_ACCE      RACE_BL       PUBERTY_      AGE_BL        SCAN1_BL
              ________      ________      ________      ________      ________
 PAR_ACCE       0.084
 RACE_BL       -0.011         1.788
 PUBERTY_      -0.004         0.134         0.738
 AGE_BL         0.037        -0.050         1.249        56.532
 SCAN1_BL       0.001        -0.069         0.002         0.179         0.231
 SCAN2_BL      -0.003         0.077        -0.001        -0.162        -0.150


           Covariances
              SCAN2_BL
              ________
 SCAN2_BL       0.179


           Correlations
              INC_BL_R      NEIGH_SA      CBCL_T_Y      ADI_BL        BILAT_AM
              ________      ________      ________      ________      ________
 INC_BL_R       1.000
 NEIGH_SA       0.350         1.000
 CBCL_T_Y       0.058         0.104         1.000
 ADI_BL         0.360         0.192         0.049         1.000
 BILAT_AM       0.006         0.008         0.007         0.000         1.000
 PAR_ACCE      -0.049        -0.032        -0.042        -0.039         0.005
 RACE_BL        0.223         0.135         0.008         0.025         0.012
 PUBERTY_       0.196         0.121         0.017         0.085        -0.010
 AGE_BL        -0.011        -0.020         0.005        -0.019        -0.004
 SCAN1_BL      -0.008        -0.022        -0.007         0.080         0.033
 SCAN2_BL       0.029         0.040         0.042        -0.032        -0.054


           Correlations
              PAR_ACCE      RACE_BL       PUBERTY_      AGE_BL        SCAN1_BL
              ________      ________      ________      ________      ________
 PAR_ACCE       1.000
 RACE_BL       -0.029         1.000
 PUBERTY_      -0.014         0.117         1.000
 AGE_BL         0.017        -0.005         0.193         1.000
 SCAN1_BL       0.010        -0.107         0.006         0.050         1.000
 SCAN2_BL      -0.024         0.136        -0.002        -0.051        -0.736


           Correlations
              SCAN2_BL
              ________
 SCAN2_BL       1.000


     MAXIMUM LOG-LIKELIHOOD VALUE FOR THE UNRESTRICTED (H1) MODEL IS -132003.478


UNIVARIATE SAMPLE STATISTICS


     UNIVARIATE HIGHER-ORDER MOMENT DESCRIPTIVE STATISTICS

         Variable/         Mean/     Skewness/   Minimum/ % with                Percentiles
        Sample Size      Variance    Kurtosis    Maximum  Min/Max      20%/60%    40%/80%    Median

     INC_BL_R              3.400       1.260       1.000   12.91%       2.000      2.000      3.000
            6545.000       4.675       1.047      10.000    2.05%       3.000      5.000
     NEIGH_SAFE_R_BL       1.036       0.943       0.000   22.35%       0.000      0.667      1.000
            6994.000       0.854       0.589       4.000    1.37%       1.000      1.667
     CBCL_T_Y1            48.483       0.385      33.000    7.43%      39.000     45.000     48.000
            6700.000     108.451      -0.440      87.000    0.01%      50.000     58.000
     ADI_BL               91.160      -1.979       0.000    2.08%      80.790     93.160     96.930
            6631.000     601.992       4.328     125.750    0.02%     100.550    108.180
     BILAT_AMYG_BL         0.194       0.352      -3.016    0.01%       0.004      0.140      0.193
            7019.000       0.096      13.326       4.636    0.01%       0.247      0.386
     PAR_ACCEPT_BL         2.789      -1.820       1.000    0.07%       2.600      2.800      2.900
            7006.000       0.084       4.069       3.000   50.00%       3.000      3.000
     RACE_BL               1.956       1.170       1.000   58.56%       1.000      1.000      1.000
            7019.000       1.788       0.111       5.000   10.30%       2.000      3.000
     PUBERTY_BL            1.734       0.695       1.000   52.13%       1.000      1.000      1.000
            7019.000       0.738      -0.850       5.000    0.06%       2.000      3.000
     AGE_BL              119.615      -0.049     107.000    0.87%     111.000    117.000    120.000
            7019.000      56.532      -1.274     132.000    1.23%     122.000    128.000
     SCAN1_BL              0.639      -0.581       0.000   36.06%       0.000      1.000      1.000
            7019.000       0.231      -1.663       1.000   63.94%       1.000      1.000
     SCAN2_BL              0.234       1.256       0.000   76.59%       0.000      0.000      0.000
            7019.000       0.179      -0.422       1.000   23.41%       0.000      1.000


THE MODEL ESTIMATION TERMINATED NORMALLY



MODEL FIT INFORMATION

Number of Free Parameters                       41

Loglikelihood

          H0 Value                      -81339.100
          H0 Scaling Correction Factor      1.3797
            for MLR
          H1 Value                      -81253.834
          H1 Scaling Correction Factor      1.2905
            for MLR

Information Criteria

          Akaike (AIC)                  162760.200
          Bayesian (BIC)                163041.311
          Sample-Size Adjusted BIC      162911.023
            (n* = (n + 2) / 24)

Chi-Square Test of Model Fit

          Value                            160.604*
          Degrees of Freedom                    16
          P-Value                           0.0000
          Scaling Correction Factor         1.0618
            for MLR

*   The chi-square value for MLM, MLMV, MLR, ULSMV, WLSM and WLSMV cannot be used
    for chi-square difference testing in the regular way.  MLM, MLR and WLSM
    chi-square difference testing is described on the Mplus website.  MLMV, WLSMV,
    and ULSMV difference testing is done using the DIFFTEST option.

RMSEA (Root Mean Square Error Of Approximation)

          Estimate                           0.036
          90 Percent C.I.                    0.031  0.041
          Probability RMSEA <= .05           1.000

CFI/TLI

          CFI                                0.937
          TLI                                0.823

Chi-Square Test of Model Fit for the Baseline Model

          Value                           2338.006
          Degrees of Freedom                    45
          P-Value                           0.0000

SRMR (Standardized Root Mean Square Residual)

          Value                              0.017



MODEL RESULTS

                                                    Two-Tailed
                    Estimate       S.E.  Est./S.E.    P-Value

 ER       BY
    INC_BL_R           1.678      0.051     33.212      0.000
    NEIGH_SAFE         0.379      0.016     23.320      0.000
    ADI_BL             9.861      0.360     27.427      0.000

 ER       ON
    RACE_BL            0.183      0.013     13.926      0.000
    PUBERTY_BL         0.277      0.020     13.535      0.000
    AGE_BL            -0.009      0.002     -4.466      0.000
    SCAN1_BL           0.138      0.048      2.879      0.004
    SCAN2_BL           0.108      0.054      2.001      0.045

 CBCL_T_Y ON
    ER                 0.928      0.184      5.054      0.000

 BILAT_AM ON
    ER                 0.002      0.005      0.516      0.606

 PAR_ACCE ON
    ER                -0.016      0.004     -3.612      0.000

 CBCL_T_Y ON
    BILAT_AMYG         0.332      0.428      0.776      0.438
    RACE_BL           -0.169      0.106     -1.599      0.110
    PUBERTY_BL        -0.069      0.166     -0.415      0.678
    AGE_BL             0.013      0.018      0.763      0.445
    PAR_ACCEPT        -1.255      0.467     -2.686      0.007
    SCAN1_BL           0.980      0.392      2.504      0.012
    SCAN2_BL           1.861      0.447      4.161      0.000

 BILAT_AM ON
    RACE_BL            0.004      0.003      1.472      0.141
    PUBERTY_BL        -0.005      0.005     -1.048      0.295
    AGE_BL             0.000      0.001     -0.282      0.778
    PAR_ACCEPT         0.005      0.013      0.395      0.692
    SCAN1_BL          -0.010      0.013     -0.768      0.442
    SCAN2_BL          -0.050      0.015     -3.241      0.001

 PAR_ACCE ON
    RACE_BL           -0.002      0.003     -0.851      0.395
    PUBERTY_BL        -0.001      0.005     -0.135      0.893
    AGE_BL             0.001      0.000      1.256      0.209
    SCAN1_BL          -0.009      0.010     -0.896      0.370
    SCAN2_BL          -0.022      0.012     -1.802      0.071

 Intercepts
    INC_BL_R           3.605      0.391      9.215      0.000
    NEIGH_SAFE         1.077      0.089     12.111      0.000
    CBCL_T_Y1         49.826      2.432     20.490      0.000
    ADI_BL            92.262      2.317     39.816      0.000
    BILAT_AMYG         0.215      0.069      3.132      0.002
    PAR_ACCEPT         2.734      0.055     49.730      0.000

 Residual Variances
    INC_BL_R           1.522      0.167      9.117      0.000
    NEIGH_SAFE         0.691      0.017     40.102      0.000
    CBCL_T_Y1        107.065      1.658     64.559      0.000
    ADI_BL           492.725     17.574     28.038      0.000
    BILAT_AMYG         0.095      0.004     21.299      0.000
    PAR_ACCEPT         0.084      0.002     33.852      0.000
    ER                 1.000      0.000    999.000    999.000


STANDARDIZED MODEL RESULTS


STDYX Standardization

                                                    Two-Tailed
                    Estimate       S.E.  Est./S.E.    P-Value

 ER       BY
    INC_BL_R           0.822      0.021     38.590      0.000
    NEIGH_SAFE         0.436      0.018     24.457      0.000
    ADI_BL             0.427      0.015     29.338      0.000

 ER       ON
    RACE_BL            0.230      0.016     14.575      0.000
    PUBERTY_BL         0.224      0.016     14.188      0.000
    AGE_BL            -0.063      0.014     -4.489      0.000
    SCAN1_BL           0.062      0.022      2.885      0.004
    SCAN2_BL           0.043      0.021      2.003      0.045

 CBCL_T_Y ON
    ER                 0.095      0.019      5.072      0.000

 BILAT_AM ON
    ER                 0.008      0.016      0.516      0.606

 PAR_ACCE ON
    ER                -0.059      0.016     -3.623      0.000

 CBCL_T_Y ON
    BILAT_AMYG         0.010      0.013      0.775      0.439
    RACE_BL           -0.022      0.014     -1.600      0.110
    PUBERTY_BL        -0.006      0.014     -0.415      0.678
    AGE_BL             0.010      0.013      0.763      0.445
    PAR_ACCEPT        -0.035      0.013     -2.682      0.007
    SCAN1_BL           0.045      0.018      2.505      0.012
    SCAN2_BL           0.076      0.018      4.170      0.000

 BILAT_AM ON
    RACE_BL            0.019      0.013      1.463      0.143
    PUBERTY_BL        -0.014      0.013     -1.049      0.294
    AGE_BL            -0.003      0.012     -0.282      0.778
    PAR_ACCEPT         0.005      0.012      0.396      0.692
    SCAN1_BL          -0.015      0.020     -0.768      0.443
    SCAN2_BL          -0.068      0.021     -3.205      0.001

 PAR_ACCE ON
    RACE_BL           -0.011      0.013     -0.851      0.395
    PUBERTY_BL        -0.002      0.013     -0.135      0.893
    AGE_BL             0.015      0.012      1.256      0.209
    SCAN1_BL          -0.015      0.017     -0.896      0.370
    SCAN2_BL          -0.031      0.017     -1.806      0.071

 Intercepts
    INC_BL_R           1.662      0.181      9.208      0.000
    NEIGH_SAFE         1.166      0.096     12.091      0.000
    CBCL_T_Y1          4.784      0.235     20.316      0.000
    ADI_BL             3.758      0.115     32.548      0.000
    BILAT_AMYG         0.696      0.226      3.081      0.002
    PAR_ACCEPT         9.410      0.240     39.200      0.000

 Residual Variances
    INC_BL_R           0.324      0.035      9.236      0.000
    NEIGH_SAFE         0.809      0.016     51.954      0.000
    CBCL_T_Y1          0.987      0.004    277.141      0.000
    ADI_BL             0.818      0.012     65.783      0.000
    BILAT_AMYG         0.996      0.002    587.004      0.000
    PAR_ACCEPT         0.995      0.002    502.455      0.000
    ER                 0.885      0.010     86.825      0.000


STDY Standardization

                                                    Two-Tailed
                    Estimate       S.E.  Est./S.E.    P-Value

 ER       BY
    INC_BL_R           0.822      0.021     38.590      0.000
    NEIGH_SAFE         0.436      0.018     24.457      0.000
    ADI_BL             0.427      0.015     29.338      0.000

 ER       ON
    RACE_BL            0.172      0.012     14.701      0.000
    PUBERTY_BL         0.261      0.018     14.242      0.000
    AGE_BL            -0.008      0.002     -4.490      0.000
    SCAN1_BL           0.130      0.045      2.885      0.004
    SCAN2_BL           0.101      0.051      2.003      0.045

 CBCL_T_Y ON
    ER                 0.095      0.019      5.072      0.000

 BILAT_AM ON
    ER                 0.008      0.016      0.516      0.606

 PAR_ACCE ON
    ER                -0.059      0.016     -3.623      0.000

 CBCL_T_Y ON
    BILAT_AMYG         0.010      0.013      0.775      0.439
    RACE_BL           -0.016      0.010     -1.600      0.110
    PUBERTY_BL        -0.007      0.016     -0.415      0.678
    AGE_BL             0.001      0.002      0.763      0.445
    PAR_ACCEPT        -0.035      0.013     -2.682      0.007
    SCAN1_BL           0.094      0.038      2.505      0.012
    SCAN2_BL           0.179      0.043      4.170      0.000

 BILAT_AM ON
    RACE_BL            0.014      0.010      1.463      0.143
    PUBERTY_BL        -0.016      0.015     -1.049      0.294
    AGE_BL             0.000      0.002     -0.282      0.778
    PAR_ACCEPT         0.005      0.012      0.396      0.692
    SCAN1_BL          -0.031      0.041     -0.768      0.443
    SCAN2_BL          -0.160      0.050     -3.205      0.001

 PAR_ACCE ON
    RACE_BL           -0.008      0.010     -0.851      0.395
    PUBERTY_BL        -0.002      0.016     -0.135      0.893
    AGE_BL             0.002      0.002      1.256      0.209
    SCAN1_BL          -0.032      0.035     -0.896      0.370
    SCAN2_BL          -0.074      0.041     -1.806      0.071

 Intercepts
    INC_BL_R           1.662      0.181      9.208      0.000
    NEIGH_SAFE         1.166      0.096     12.091      0.000
    CBCL_T_Y1          4.784      0.235     20.316      0.000
    ADI_BL             3.758      0.115     32.548      0.000
    BILAT_AMYG         0.696      0.226      3.081      0.002
    PAR_ACCEPT         9.410      0.240     39.200      0.000

 Residual Variances
    INC_BL_R           0.324      0.035      9.236      0.000
    NEIGH_SAFE         0.809      0.016     51.954      0.000
    CBCL_T_Y1          0.987      0.004    277.141      0.000
    ADI_BL             0.818      0.012     65.783      0.000
    BILAT_AMYG         0.996      0.002    587.004      0.000
    PAR_ACCEPT         0.995      0.002    502.455      0.000
    ER                 0.885      0.010     86.825      0.000


STD Standardization

                                                    Two-Tailed
                    Estimate       S.E.  Est./S.E.    P-Value

 ER       BY
    INC_BL_R           1.783      0.051     34.917      0.000
    NEIGH_SAFE         0.403      0.018     22.884      0.000
    ADI_BL            10.482      0.380     27.616      0.000

 ER       ON
    RACE_BL            0.172      0.012     14.701      0.000
    PUBERTY_BL         0.261      0.018     14.242      0.000
    AGE_BL            -0.008      0.002     -4.490      0.000
    SCAN1_BL           0.130      0.045      2.885      0.004
    SCAN2_BL           0.101      0.051      2.003      0.045

 CBCL_T_Y ON
    ER                 0.987      0.196      5.042      0.000

 BILAT_AM ON
    ER                 0.003      0.005      0.516      0.606

 PAR_ACCE ON
    ER                -0.017      0.005     -3.610      0.000

 CBCL_T_Y ON
    BILAT_AMYG         0.332      0.428      0.776      0.438
    RACE_BL           -0.169      0.106     -1.599      0.110
    PUBERTY_BL        -0.069      0.166     -0.415      0.678
    AGE_BL             0.013      0.018      0.763      0.445
    PAR_ACCEPT        -1.255      0.467     -2.686      0.007
    SCAN1_BL           0.980      0.392      2.504      0.012
    SCAN2_BL           1.861      0.447      4.161      0.000

 BILAT_AM ON
    RACE_BL            0.004      0.003      1.472      0.141
    PUBERTY_BL        -0.005      0.005     -1.048      0.295
    AGE_BL             0.000      0.001     -0.282      0.778
    PAR_ACCEPT         0.005      0.013      0.395      0.692
    SCAN1_BL          -0.010      0.013     -0.768      0.442
    SCAN2_BL          -0.050      0.015     -3.241      0.001

 PAR_ACCE ON
    RACE_BL           -0.002      0.003     -0.851      0.395
    PUBERTY_BL        -0.001      0.005     -0.135      0.893
    AGE_BL             0.001      0.000      1.256      0.209
    SCAN1_BL          -0.009      0.010     -0.896      0.370
    SCAN2_BL          -0.022      0.012     -1.802      0.071

 Intercepts
    INC_BL_R           3.605      0.391      9.215      0.000
    NEIGH_SAFE         1.077      0.089     12.111      0.000
    CBCL_T_Y1         49.826      2.432     20.490      0.000
    ADI_BL            92.262      2.317     39.816      0.000
    BILAT_AMYG         0.215      0.069      3.132      0.002
    PAR_ACCEPT         2.734      0.055     49.730      0.000

 Residual Variances
    INC_BL_R           1.522      0.167      9.117      0.000
    NEIGH_SAFE         0.691      0.017     40.102      0.000
    CBCL_T_Y1        107.065      1.658     64.559      0.000
    ADI_BL           492.725     17.574     28.038      0.000
    BILAT_AMYG         0.095      0.004     21.299      0.000
    PAR_ACCEPT         0.084      0.002     33.852      0.000
    ER                 0.885      0.010     86.825      0.000


R-SQUARE

    Observed                                        Two-Tailed
    Variable        Estimate       S.E.  Est./S.E.    P-Value

    INC_BL_R           0.676      0.035     19.295      0.000
    NEIGH_SA           0.191      0.016     12.228      0.000
    CBCL_T_Y           0.013      0.004      3.630      0.000
    ADI_BL             0.182      0.012     14.669      0.000
    BILAT_AM           0.004      0.002      2.125      0.034
    PAR_ACCE           0.005      0.002      2.546      0.011

     Latent                                         Two-Tailed
    Variable        Estimate       S.E.  Est./S.E.    P-Value

    ER                 0.115      0.010     11.281      0.000


QUALITY OF NUMERICAL RESULTS

     Condition Number for the Information Matrix              0.275E-08
       (ratio of smallest to largest eigenvalue)


TOTAL, TOTAL INDIRECT, SPECIFIC INDIRECT, AND DIRECT EFFECTS


                                                    Two-Tailed
                    Estimate       S.E.  Est./S.E.    P-Value

Effects from ER to CBCL_T_Y

  Total                0.950      0.183      5.185      0.000
  Total indirect       0.021      0.009      2.238      0.025

  Specific indirect

    CBCL_T_Y
    BILAT_AM
    ER                 0.001      0.002      0.436      0.663

    CBCL_T_Y
    PAR_ACCE
    ER                 0.020      0.009      2.203      0.028

    CBCL_T_Y
    BILAT_AM
    PAR_ACCE
    ER                 0.000      0.000     -0.355      0.723

  Direct
    CBCL_T_Y
    ER                 0.928      0.184      5.054      0.000


STANDARDIZED TOTAL, TOTAL INDIRECT, SPECIFIC INDIRECT, AND DIRECT EFFECTS


STDYX Standardization

                                                    Two-Tailed
                    Estimate       S.E.  Est./S.E.    P-Value

Effects from ER to CBCL_T_Y

  Total                0.097      0.019      5.203      0.000
  Total indirect       0.002      0.001      2.239      0.025

  Specific indirect

    CBCL_T_Y
    BILAT_AM
    ER                 0.000      0.000      0.436      0.663

    CBCL_T_Y
    PAR_ACCE
    ER                 0.002      0.001      2.205      0.027

    CBCL_T_Y
    BILAT_AM
    PAR_ACCE
    ER                 0.000      0.000     -0.355      0.723

  Direct
    CBCL_T_Y
    ER                 0.095      0.019      5.072      0.000


STDY Standardization

                                                    Two-Tailed
                    Estimate       S.E.  Est./S.E.    P-Value

Effects from ER to CBCL_T_Y

  Total                0.097      0.019      5.203      0.000
  Total indirect       0.002      0.001      2.239      0.025

  Specific indirect

    CBCL_T_Y
    BILAT_AM
    ER                 0.000      0.000      0.436      0.663

    CBCL_T_Y
    PAR_ACCE
    ER                 0.002      0.001      2.205      0.027

    CBCL_T_Y
    BILAT_AM
    PAR_ACCE
    ER                 0.000      0.000     -0.355      0.723

  Direct
    CBCL_T_Y
    ER                 0.095      0.019      5.072      0.000


STD Standardization

                                                    Two-Tailed
                    Estimate       S.E.  Est./S.E.    P-Value

Effects from ER to CBCL_T_Y

  Total                1.009      0.195      5.172      0.000
  Total indirect       0.023      0.010      2.238      0.025

  Specific indirect

    CBCL_T_Y
    BILAT_AM
    ER                 0.001      0.002      0.436      0.663

    CBCL_T_Y
    PAR_ACCE
    ER                 0.022      0.010      2.203      0.028

    CBCL_T_Y
    BILAT_AM
    PAR_ACCE
    ER                 0.000      0.000     -0.355      0.723

  Direct
    CBCL_T_Y
    ER                 0.987      0.196      5.042      0.000



MODEL MODIFICATION INDICES

NOTE:  Modification indices for direct effects of observed dependent variables
regressed on covariates may not be included.  To include these, request
MODINDICES (ALL).

Minimum M.I. value for printing the modification index    10.000

                                   M.I.     E.P.C.  Std E.P.C.  StdYX E.P.C.

WITH Statements

NEIGH_SA WITH INC_BL_R            33.560    -0.362     -0.362       -0.353
ADI_BL   WITH INC_BL_R            24.879     7.871      7.871        0.287


     Beginning Time:  14:01:31
        Ending Time:  14:01:32
       Elapsed Time:  00:00:01



MUTHEN & MUTHEN
3463 Stoner Ave.
Los Angeles, CA  90066

Tel: (310) 391-9971
Fax: (310) 391-8971
Web: www.StatModel.com
Support: Support@StatModel.com

Copyright (c) 1998-2015 Muthen & Muthen
